TN:
SF:/opt/pawan/crates/pawan-aegis/src/lib.rs
FN:55,default_provider
FNF:1
FNDA:0,default_provider
DA:55,0
DA:56,0
DA:104,1
DA:105,1
DA:106,2
DA:107,1
DA:111,1
DA:112,1
DA:115,3
DA:118,4
DA:124,1
DA:125,1
DA:126,1
DA:127,1
DA:128,2
DA:131,1
DA:132,1
DA:136,0
DA:137,0
DA:138,0
DA:139,0
LF:21
LH:15
end_of_record
TN:
SF:/opt/pawan/crates/pawan-cli/src/main.rs
FN:456,main
FN:463,run
FN:619,run_interactive
FN:654,run_heal
FN:759,run_task
FN:806,run_commit
FN:1054,run_test
FN:1183,run_explain
FN:1226,run_review
FN:1273,run_review_with_diff
FN:1335,run_improve
FN:1404,run_watch
FN:1525,run_status
FN:1616,run_doctor
FN:1817,run_bootstrap
FN:1872,run_uninstall
FN:1895,run_init
FN:1998,run_tasks
FN:2105,run_distill
FN:2240,run_sessions
FN:2281,setup_mcp_tools
FN:2316,run_config_show
FN:2370,run_config_init
FN:2411,run_mcp_list
FN:2469,run_headless
FN:2820,strip_thinking_tags
FNF:26
FNDA:0,main
FNDA:0,run
FNDA:0,run_interactive
FNDA:0,run_heal
FNDA:0,run_task
FNDA:0,run_commit
FNDA:0,run_test
FNDA:0,run_explain
FNDA:0,run_review
FNDA:0,run_review_with_diff
FNDA:0,run_improve
FNDA:0,run_watch
FNDA:0,run_status
FNDA:0,run_doctor
FNDA:0,run_bootstrap
FNDA:0,run_uninstall
FNDA:0,run_init
FNDA:0,run_tasks
FNDA:0,run_distill
FNDA:0,run_sessions
FNDA:0,setup_mcp_tools
FNDA:0,run_config_show
FNDA:0,run_config_init
FNDA:0,run_mcp_list
FNDA:0,run_headless
FNDA:0,strip_thinking_tags
DA:456,0
DA:457,0
DA:458,0
DA:459,0
DA:463,0
DA:466,0
DA:467,0
DA:468,0
DA:469,0
DA:471,0
DA:475,0
DA:478,0
DA:480,0
DA:483,0
DA:486,0
DA:490,0
DA:491,0
DA:492,0
DA:496,0
DA:497,0
DA:499,0
DA:500,0
DA:503,0
DA:504,0
DA:505,0
DA:506,0
DA:507,0
DA:511,0
DA:513,0
DA:515,0
DA:516,0
DA:518,0
DA:519,0
DA:520,0
DA:527,0
DA:528,0
DA:529,0
DA:530,0
DA:531,0
DA:532,0
DA:533,0
DA:534,0
DA:535,0
DA:537,0
DA:538,0
DA:540,0
DA:541,0
DA:544,0
DA:545,0
DA:546,0
DA:548,0
DA:555,0
DA:556,0
DA:561,0
DA:563,0
DA:565,0
DA:566,0
DA:568,0
DA:569,0
DA:571,0
DA:572,0
DA:574,0
DA:575,0
DA:576,0
DA:578,0
DA:579,0
DA:580,0
DA:582,0
DA:583,0
DA:584,0
DA:586,0
DA:597,0
DA:598,0
DA:599,0
DA:600,0
DA:601,0
DA:607,0
DA:609,0
DA:611,0
DA:612,0
DA:613,0
DA:619,0
DA:625,0
DA:628,0
DA:630,0
DA:631,0
DA:632,0
DA:633,0
DA:639,0
DA:640,0
DA:642,0
DA:654,0
DA:664,0
DA:665,0
DA:666,0
DA:668,0
DA:669,0
DA:670,0
DA:672,0
DA:673,0
DA:674,0
DA:676,0
DA:677,0
DA:680,0
DA:681,0
DA:684,0
DA:685,0
DA:687,0
DA:695,0
DA:696,0
DA:697,0
DA:701,0
DA:703,0
DA:705,0
DA:707,0
DA:708,0
DA:710,0
DA:711,0
DA:712,0
DA:713,0
DA:714,0
DA:715,0
DA:722,0
DA:733,0
DA:735,0
DA:736,0
DA:737,0
DA:738,0
DA:740,0
DA:742,0
DA:743,0
DA:744,0
DA:746,0
DA:748,0
DA:749,0
DA:750,0
DA:752,0
DA:755,0
DA:759,0
DA:765,0
DA:766,0
DA:767,0
DA:768,0
DA:770,0
DA:771,0
DA:774,0
DA:776,0
DA:778,0
DA:780,0
DA:781,0
DA:782,0
DA:783,0
DA:784,0
DA:785,0
DA:792,0
DA:802,0
DA:806,0
DA:816,0
DA:817,0
DA:818,0
DA:820,0
DA:821,0
DA:823,0
DA:824,0
DA:825,0
DA:829,0
DA:830,0
DA:831,0
DA:833,0
DA:834,0
DA:837,0
DA:838,0
DA:839,0
DA:841,0
DA:842,0
DA:844,0
DA:845,0
DA:847,0
DA:848,0
DA:854,0
DA:855,0
DA:856,0
DA:857,0
DA:860,0
DA:861,0
DA:862,0
DA:863,0
DA:866,0
DA:867,0
DA:868,0
DA:869,0
DA:872,0
DA:875,0
DA:877,0
DA:878,0
DA:880,0
DA:881,0
DA:882,0
DA:883,0
DA:885,0
DA:886,0
DA:887,0
DA:888,0
DA:890,0
DA:892,0
DA:893,0
DA:894,0
DA:896,0
DA:898,0
DA:899,0
DA:903,0
DA:904,0
DA:905,0
DA:908,0
DA:909,0
DA:910,0
DA:912,0
DA:915,0
DA:916,0
DA:917,0
DA:919,0
DA:920,0
DA:921,0
DA:923,0
DA:924,0
DA:925,0
DA:926,0
DA:929,0
DA:937,0
DA:939,0
DA:940,0
DA:941,0
DA:943,0
DA:944,0
DA:946,0
DA:947,0
DA:948,0
DA:950,0
DA:951,0
DA:953,0
DA:954,0
DA:958,0
DA:962,0
DA:963,0
DA:965,0
DA:968,0
DA:984,0
DA:985,0
DA:986,0
DA:989,0
DA:991,0
DA:993,0
DA:998,0
DA:999,0
DA:1000,0
DA:1001,0
DA:1002,0
DA:1003,0
DA:1004,0
DA:1006,0
DA:1007,0
DA:1009,0
DA:1010,0
DA:1011,0
DA:1012,0
DA:1013,0
DA:1015,0
DA:1016,0
DA:1017,0
DA:1021,0
DA:1022,0
DA:1023,0
DA:1024,0
DA:1025,0
DA:1026,0
DA:1028,0
DA:1029,0
DA:1030,0
DA:1031,0
DA:1033,0
DA:1035,0
DA:1036,0
DA:1037,0
DA:1039,0
DA:1040,0
DA:1043,0
DA:1044,0
DA:1047,0
DA:1050,0
DA:1054,0
DA:1061,0
DA:1063,0
DA:1064,0
DA:1065,0
DA:1066,0
DA:1069,0
DA:1079,0
DA:1080,0
DA:1081,0
DA:1083,0
DA:1085,0
DA:1086,0
DA:1087,0
DA:1090,0
DA:1091,0
DA:1093,0
DA:1094,0
DA:1100,0
DA:1104,0
DA:1106,0
DA:1107,0
DA:1108,0
DA:1109,0
DA:1110,0
DA:1111,0
DA:1115,0
DA:1120,0
DA:1121,0
DA:1124,0
DA:1125,0
DA:1129,0
DA:1133,0
DA:1135,0
DA:1136,0
DA:1138,0
DA:1141,0
DA:1153,0
DA:1157,0
DA:1159,0
DA:1161,0
DA:1162,0
DA:1165,0
DA:1166,0
DA:1167,0
DA:1169,0
DA:1170,0
DA:1173,0
DA:1179,0
DA:1183,0
DA:1184,0
DA:1186,0
DA:1187,0
DA:1197,0
DA:1201,0
DA:1206,0
DA:1208,0
DA:1210,0
DA:1211,0
DA:1214,0
DA:1215,0
DA:1216,0
DA:1218,0
DA:1219,0
DA:1222,0
DA:1226,0
DA:1233,0
DA:1234,0
DA:1236,0
DA:1239,0
DA:1240,0
DA:1241,0
DA:1244,0
DA:1245,0
DA:1246,0
DA:1247,0
DA:1249,0
DA:1251,0
DA:1253,0
DA:1255,0
DA:1256,0
DA:1257,0
DA:1259,0
DA:1260,0
DA:1262,0
DA:1263,0
DA:1264,0
DA:1267,0
DA:1270,0
DA:1273,0
DA:1278,0
DA:1284,0
DA:1285,0
DA:1287,0
DA:1288,0
DA:1291,0
DA:1294,0
DA:1313,0
DA:1316,0
DA:1318,0
DA:1319,0
DA:1322,0
DA:1323,0
DA:1324,0
DA:1327,0
DA:1328,0
DA:1331,0
DA:1335,0
DA:1342,0
DA:1343,0
DA:1344,0
DA:1345,0
DA:1348,0
DA:1351,0
DA:1356,0
DA:1357,0
DA:1358,0
DA:1364,0
DA:1367,0
DA:1372,0
DA:1373,0
DA:1374,0
DA:1377,0
DA:1380,0
DA:1385,0
DA:1392,0
DA:1399,0
DA:1404,0
DA:1413,0
DA:1423,0
DA:1424,0
DA:1428,0
DA:1429,0
DA:1430,0
DA:1432,0
DA:1434,0
DA:1435,0
DA:1437,0
DA:1438,0
DA:1440,0
DA:1441,0
DA:1442,0
DA:1444,0
DA:1445,0
DA:1447,0
DA:1449,0
DA:1450,0
DA:1451,0
DA:1453,0
DA:1460,0
DA:1461,0
DA:1464,0
DA:1466,0
DA:1467,0
DA:1473,0
DA:1475,0
DA:1477,0
DA:1478,0
DA:1481,0
DA:1482,0
DA:1483,0
DA:1487,0
DA:1489,0
DA:1493,0
DA:1495,0
DA:1496,0
DA:1498,0
DA:1499,0
DA:1500,0
DA:1501,0
DA:1505,0
DA:1506,0
DA:1507,0
DA:1508,0
DA:1509,0
DA:1511,0
DA:1515,0
DA:1516,0
DA:1521,0
DA:1525,0
DA:1526,0
DA:1527,0
DA:1529,0
DA:1532,0
DA:1533,0
DA:1535,0
DA:1537,0
DA:1539,0
DA:1541,0
DA:1544,0
DA:1545,0
DA:1548,0
DA:1550,0
DA:1551,0
DA:1553,0
DA:1558,0
DA:1559,0
DA:1565,0
DA:1566,0
DA:1570,0
DA:1571,0
DA:1573,0
DA:1580,0
DA:1581,0
DA:1583,0
DA:1588,0
DA:1589,0
DA:1591,0
DA:1592,0
DA:1601,0
DA:1602,0
DA:1603,0
DA:1605,0
DA:1611,0
DA:1616,0
DA:1619,0
DA:1620,0
DA:1622,0
DA:1625,0
DA:1626,0
DA:1627,0
DA:1629,0
DA:1630,0
DA:1634,0
DA:1635,0
DA:1636,0
DA:1638,0
DA:1641,0
DA:1642,0
DA:1643,0
DA:1645,0
DA:1649,0
DA:1650,0
DA:1651,0
DA:1653,0
DA:1657,0
DA:1658,0
DA:1660,0
DA:1661,0
DA:1662,0
DA:1664,0
DA:1665,0
DA:1669,0
DA:1670,0
DA:1671,0
DA:1673,0
DA:1674,0
DA:1678,0
DA:1679,0
DA:1680,0
DA:1683,0
DA:1684,0
DA:1685,0
DA:1690,0
DA:1691,0
DA:1692,0
DA:1694,0
DA:1696,0
DA:1698,0
DA:1699,0
DA:1702,0
DA:1703,0
DA:1706,0
DA:1707,0
DA:1710,0
DA:1711,0
DA:1715,0
DA:1716,0
DA:1718,0
DA:1721,0
DA:1722,0
DA:1723,0
DA:1725,0
DA:1726,0
DA:1727,0
DA:1728,0
DA:1729,0
DA:1731,0
DA:1734,0
DA:1735,0
DA:1736,0
DA:1738,0
DA:1739,0
DA:1740,0
DA:1745,0
DA:1746,0
DA:1747,0
DA:1748,0
DA:1749,0
DA:1751,0
DA:1752,0
DA:1753,0
DA:1757,0
DA:1758,0
DA:1759,0
DA:1760,0
DA:1763,0
DA:1764,0
DA:1765,0
DA:1766,0
DA:1767,0
DA:1781,0
DA:1782,0
DA:1783,0
DA:1784,0
DA:1785,0
DA:1786,0
DA:1787,0
DA:1789,0
DA:1790,0
DA:1791,0
DA:1792,0
DA:1794,0
DA:1795,0
DA:1798,0
DA:1799,0
DA:1803,0
DA:1804,0
DA:1805,0
DA:1807,0
DA:1813,0
DA:1817,0
DA:1826,0
DA:1827,0
DA:1828,0
DA:1829,0
DA:1830,0
DA:1832,0
DA:1833,0
DA:1834,0
DA:1836,0
DA:1838,0
DA:1841,0
DA:1849,0
DA:1851,0
DA:1852,0
DA:1853,0
DA:1854,0
DA:1855,0
DA:1856,0
DA:1858,0
DA:1861,0
DA:1863,0
DA:1864,0
DA:1865,0
DA:1868,0
DA:1872,0
DA:1875,0
DA:1876,0
DA:1878,0
DA:1879,0
DA:1880,0
DA:1882,0
DA:1886,0
DA:1891,0
DA:1895,0
DA:1896,0
DA:1899,0
DA:1900,0
DA:1901,0
DA:1923,0
DA:1924,0
DA:1928,0
DA:1929,0
DA:1931,0
DA:1934,0
DA:1936,0
DA:1937,0
DA:1941,0
DA:1943,0
DA:1944,0
DA:1947,0
DA:1968,0
DA:1969,0
DA:1973,0
DA:1974,0
DA:1975,0
DA:1976,0
DA:1979,0
DA:1980,0
DA:1985,0
DA:1986,0
DA:1987,0
DA:1989,0
DA:1995,0
DA:1998,0
DA:2001,0
DA:2003,0
DA:2004,0
DA:2005,0
DA:2006,0
DA:2007,0
DA:2009,0
DA:2011,0
DA:2012,0
DA:2013,0
DA:2016,0
DA:2017,0
DA:2018,0
DA:2021,0
DA:2022,0
DA:2023,0
DA:2027,0
DA:2029,0
DA:2030,0
DA:2031,0
DA:2032,0
DA:2033,0
DA:2035,0
DA:2037,0
DA:2040,0
DA:2041,0
DA:2043,0
DA:2044,0
DA:2045,0
DA:2048,0
DA:2049,0
DA:2050,0
DA:2053,0
DA:2054,0
DA:2055,0
DA:2059,0
DA:2060,0
DA:2061,0
DA:2064,0
DA:2065,0
DA:2066,0
DA:2067,0
DA:2068,0
DA:2071,0
DA:2072,0
DA:2073,0
DA:2074,0
DA:2077,0
DA:2078,0
DA:2079,0
DA:2080,0
DA:2081,0
DA:2082,0
DA:2084,0
DA:2085,0
DA:2086,0
DA:2087,0
DA:2088,0
DA:2092,0
DA:2093,0
DA:2094,0
DA:2095,0
DA:2097,0
DA:2102,0
DA:2105,0
DA:2118,0
DA:2119,0
DA:2121,0
DA:2122,0
DA:2123,0
DA:2125,0
DA:2126,0
DA:2131,0
DA:2132,0
DA:2136,0
DA:2140,0
DA:2141,0
DA:2142,0
DA:2146,0
DA:2147,0
DA:2148,0
DA:2150,0
DA:2158,0
DA:2160,0
DA:2162,0
DA:2163,0
DA:2164,0
DA:2165,0
DA:2166,0
DA:2167,0
DA:2169,0
DA:2171,0
DA:2172,0
DA:2173,0
DA:2185,0
DA:2187,0
DA:2188,0
DA:2189,0
DA:2192,0
DA:2194,0
DA:2195,0
DA:2196,0
DA:2197,0
DA:2198,0
DA:2202,0
DA:2203,0
DA:2205,0
DA:2206,0
DA:2207,0
DA:2212,0
DA:2215,0
DA:2216,0
DA:2217,0
DA:2218,0
DA:2220,0
DA:2221,0
DA:2222,0
DA:2227,0
DA:2228,0
DA:2229,0
DA:2230,0
DA:2232,0
DA:2233,0
DA:2234,0
DA:2240,0
DA:2243,0
DA:2245,0
DA:2246,0
DA:2247,0
DA:2250,0
DA:2251,0
DA:2252,0
DA:2259,0
DA:2261,0
DA:2262,0
DA:2263,0
DA:2265,0
DA:2267,0
DA:2268,0
DA:2274,0
DA:2276,0
DA:2281,0
DA:2284,0
DA:2288,0
DA:2291,0
DA:2292,0
DA:2293,0
DA:2294,0
DA:2295,0
DA:2296,0
DA:2300,0
DA:2301,0
DA:2302,0
DA:2303,0
DA:2304,0
DA:2307,0
DA:2309,0
DA:2310,0
DA:2316,0
DA:2318,0
DA:2319,0
DA:2321,0
DA:2322,0
DA:2323,0
DA:2324,0
DA:2325,0
DA:2326,0
DA:2328,0
DA:2329,0
DA:2330,0
DA:2333,0
DA:2334,0
DA:2337,0
DA:2338,0
DA:2339,0
DA:2340,0
DA:2342,0
DA:2343,0
DA:2344,0
DA:2345,0
DA:2349,0
DA:2350,0
DA:2351,0
DA:2352,0
DA:2353,0
DA:2357,0
DA:2358,0
DA:2359,0
DA:2360,0
DA:2364,0
DA:2365,0
DA:2366,0
DA:2370,0
DA:2371,0
DA:2372,0
DA:2373,0
DA:2374,0
DA:2378,0
DA:2405,0
DA:2406,0
DA:2407,0
DA:2411,0
DA:2416,0
DA:2417,0
DA:2418,0
DA:2422,0
DA:2425,0
DA:2428,0
DA:2429,0
DA:2430,0
DA:2431,0
DA:2432,0
DA:2433,0
DA:2437,0
DA:2438,0
DA:2440,0
DA:2441,0
DA:2443,0
DA:2444,0
DA:2448,0
DA:2449,0
DA:2450,0
DA:2451,0
DA:2452,0
DA:2453,0
DA:2455,0
DA:2464,0
DA:2469,0
DA:2483,0
DA:2484,0
DA:2485,0
DA:2486,0
DA:2489,0
DA:2490,0
DA:2495,0
DA:2496,0
DA:2498,0
DA:2499,0
DA:2502,0
DA:2503,0
DA:2506,0
DA:2509,0
DA:2510,0
DA:2511,0
DA:2513,0
DA:2514,0
DA:2516,0
DA:2519,0
DA:2520,0
DA:2523,0
DA:2524,0
DA:2525,0
DA:2526,0
DA:2527,0
DA:2528,0
DA:2529,0
DA:2531,0
DA:2532,0
DA:2533,0
DA:2534,0
DA:2535,0
DA:2540,0
DA:2541,0
DA:2542,0
DA:2544,0
DA:2545,0
DA:2546,0
DA:2548,0
DA:2550,0
DA:2551,0
DA:2552,0
DA:2554,0
DA:2555,0
DA:2558,0
DA:2561,0
DA:2562,0
DA:2563,0
DA:2568,0
DA:2569,0
DA:2570,0
DA:2571,0
DA:2577,0
DA:2578,0
DA:2579,0
DA:2583,0
DA:2584,0
DA:2585,0
DA:2591,0
DA:2592,0
DA:2593,0
DA:2594,0
DA:2596,0
DA:2598,0
DA:2602,0
DA:2606,0
DA:2607,0
DA:2608,0
DA:2609,0
DA:2610,0
DA:2612,0
DA:2613,0
DA:2614,0
DA:2615,0
DA:2617,0
DA:2621,0
DA:2624,0
DA:2625,0
DA:2626,0
DA:2627,0
DA:2633,0
DA:2635,0
DA:2636,0
DA:2637,0
DA:2638,0
DA:2639,0
DA:2641,0
DA:2644,0
DA:2645,0
DA:2649,0
DA:2654,0
DA:2655,0
DA:2657,0
DA:2659,0
DA:2660,0
DA:2661,0
DA:2662,0
DA:2663,0
DA:2665,0
DA:2667,0
DA:2669,0
DA:2671,0
DA:2674,0
DA:2675,0
DA:2677,0
DA:2679,0
DA:2681,0
DA:2687,0
DA:2692,0
DA:2693,0
DA:2696,0
DA:2697,0
DA:2705,0
DA:2706,0
DA:2711,0
DA:2718,0
DA:2721,0
DA:2722,0
DA:2723,0
DA:2727,0
DA:2728,0
DA:2729,0
DA:2730,0
DA:2731,0
DA:2733,0
DA:2734,0
DA:2735,0
DA:2736,0
DA:2742,0
DA:2743,0
DA:2744,0
DA:2745,0
DA:2746,0
DA:2749,0
DA:2750,0
DA:2751,0
DA:2752,0
DA:2753,0
DA:2756,0
DA:2758,0
DA:2759,0
DA:2760,0
DA:2764,0
DA:2765,0
DA:2766,0
DA:2767,0
DA:2768,0
DA:2770,0
DA:2771,0
DA:2772,0
DA:2773,0
DA:2776,0
DA:2781,0
DA:2782,0
DA:2783,0
DA:2785,0
DA:2795,0
DA:2796,0
DA:2797,0
DA:2798,0
DA:2800,0
DA:2802,0
DA:2808,0
DA:2809,0
DA:2812,0
DA:2816,0
DA:2820,0
DA:2821,0
DA:2823,0
DA:2824,0
DA:2825,0
DA:2826,0
DA:2829,0
DA:2833,0
DA:2896,0
DA:2899,0
DA:2900,0
DA:2903,0
DA:2904,0
DA:2906,0
DA:2909,0
DA:2910,0
DA:2911,0
DA:2912,0
DA:2914,0
DA:2916,0
DA:2917,0
DA:2919,0
DA:2920,0
DA:2921,0
DA:2926,0
DA:2927,0
DA:2928,0
DA:2929,0
DA:2930,0
DA:2932,0
DA:2934,0
DA:2935,0
DA:2937,0
DA:2941,0
DA:2942,0
DA:2943,0
DA:2946,0
DA:2947,0
DA:2948,0
DA:2952,0
DA:2953,0
DA:2954,0
DA:2955,0
DA:2956,0
DA:2957,0
DA:2959,0
DA:2960,0
DA:2961,0
DA:2962,0
DA:2964,0
DA:2968,0
DA:2969,0
DA:2970,0
DA:2971,0
DA:2972,0
DA:2975,0
DA:2976,0
DA:2978,0
DA:2984,0
DA:2985,0
DA:2987,0
DA:2989,0
DA:2990,0
DA:2994,0
DA:2995,0
DA:2996,0
DA:2997,0
DA:2998,0
DA:3000,0
DA:3003,0
DA:3004,0
DA:3008,0
DA:3012,0
DA:3019,0
DA:3020,0
DA:3029,0
DA:3039,0
DA:3043,0
DA:3046,0
DA:3047,0
DA:3048,0
DA:3055,0
DA:3056,0
DA:3057,0
DA:3059,0
DA:3062,0
DA:3063,0
DA:3064,0
DA:3068,0
DA:3069,0
DA:3076,0
DA:3077,0
DA:3080,0
DA:3082,0
DA:3083,0
DA:3084,0
DA:3085,0
DA:3086,0
DA:3087,0
DA:3088,0
DA:3090,0
DA:3095,0
DA:3096,0
DA:3100,0
DA:3103,0
DA:3104,0
DA:3113,0
DA:3120,0
DA:3124,0
DA:3125,0
DA:3127,0
DA:3128,0
DA:3130,0
DA:3131,0
DA:3133,0
DA:3134,0
DA:3135,0
DA:3136,0
DA:3137,0
DA:3138,0
DA:3139,0
DA:3144,0
DA:3152,0
DA:3153,0
DA:3154,0
DA:3155,0
DA:3157,0
DA:3161,0
DA:3162,0
DA:3163,0
DA:3165,0
DA:3166,0
DA:3167,0
DA:3168,0
DA:3172,0
DA:3174,0
DA:3175,0
DA:3176,0
DA:3183,0
DA:3186,0
DA:3187,0
DA:3189,0
DA:3190,0
DA:3192,0
DA:3193,0
DA:3194,0
DA:3198,0
DA:3200,0
DA:3201,0
DA:3204,0
DA:3205,0
DA:3206,0
DA:3208,0
DA:3209,0
DA:3214,0
DA:3215,0
DA:3216,0
DA:3217,0
DA:3221,0
DA:3229,0
DA:3230,0
DA:3233,0
DA:3235,0
DA:3236,0
DA:3237,0
DA:3238,0
DA:3240,0
DA:3242,0
DA:3243,0
DA:3244,0
DA:3245,0
DA:3246,0
DA:3248,0
DA:3254,0
DA:3255,0
DA:3256,0
DA:3257,0
DA:3258,0
DA:3260,0
DA:3261,0
DA:3262,0
DA:3263,0
DA:3264,0
DA:3265,0
DA:3266,0
DA:3269,0
DA:3278,0
DA:3286,0
DA:3287,0
DA:3293,0
LF:1260
LH:0
end_of_record
TN:
SF:/opt/pawan/crates/pawan-cli/src/tui/mod.rs
FN:103,ExportFormat::from_str
FN:120,ExportFormat::extension
FNF:2
FNDA:0,ExportFormat::from_str
FNDA:0,ExportFormat::extension
DA:103,0
DA:105,0
DA:107,0
DA:109,0
DA:111,0
DA:113,0
DA:120,0
DA:121,0
DA:122,0
DA:123,0
DA:124,0
DA:125,0
DA:158,2
DA:161,4
DA:162,2
DA:167,0
DA:168,0
DA:169,0
DA:170,0
DA:172,0
DA:173,0
DA:174,0
DA:175,0
DA:176,0
DA:179,0
DA:183,1
DA:184,2
DA:188,0
DA:189,0
DA:190,0
DA:191,0
DA:192,0
DA:193,0
DA:195,0
DA:197,0
DA:201,1
DA:202,4
DA:203,1
DA:204,1
DA:205,3
DA:209,1
DA:210,3
DA:211,2
DA:212,1
DA:213,2
DA:218,0
DA:219,0
DA:220,0
DA:221,0
DA:222,0
DA:224,0
DA:225,0
DA:226,0
DA:227,0
DA:229,0
DA:231,0
DA:236,0
DA:241,1
DA:242,1
DA:243,0
DA:244,1
DA:245,1
DA:246,0
DA:248,1
DA:251,0
DA:253,2
DA:254,1
DA:255,0
DA:257,2
DA:262,1
DA:263,1
DA:264,0
DA:265,1
DA:359,1
DA:365,1
DA:366,2
DA:367,1
DA:372,1
DA:377,1
DA:388,1
DA:390,1
DA:395,1
DA:399,1
DA:407,1
DA:409,1
DA:411,1
DA:414,1
DA:415,1
DA:421,0
DA:422,0
DA:424,0
DA:425,0
DA:426,0
DA:427,0
DA:428,0
DA:429,0
DA:432,0
DA:433,0
DA:434,0
DA:435,0
DA:436,0
DA:439,0
DA:440,0
DA:441,0
DA:442,0
DA:443,0
DA:444,0
DA:445,0
DA:446,0
DA:448,0
DA:449,0
DA:450,0
DA:451,0
DA:454,0
DA:455,0
DA:456,0
DA:457,0
DA:458,0
DA:464,0
DA:465,0
DA:466,0
DA:467,0
DA:468,0
DA:469,0
DA:471,0
DA:473,0
DA:474,0
DA:475,0
DA:476,0
DA:477,0
DA:480,0
DA:482,0
DA:485,0
DA:486,0
DA:487,0
DA:490,0
DA:491,0
DA:492,0
DA:493,0
DA:494,0
DA:497,0
DA:498,0
DA:499,0
DA:501,0
DA:502,0
DA:503,0
DA:504,0
DA:508,0
DA:510,0
DA:511,0
DA:512,0
DA:515,0
DA:516,0
DA:518,0
DA:519,0
DA:520,0
DA:521,0
DA:523,0
DA:525,0
DA:526,0
DA:527,0
DA:528,0
DA:529,0
DA:530,0
DA:531,0
DA:532,0
DA:533,0
DA:535,0
DA:540,0
DA:541,0
DA:542,0
DA:544,0
DA:545,0
DA:547,0
DA:548,0
DA:550,0
DA:551,0
DA:553,0
DA:554,0
DA:555,0
DA:556,0
DA:558,0
DA:561,0
DA:562,0
DA:563,0
DA:564,0
DA:565,0
DA:566,0
DA:567,0
DA:568,0
DA:569,0
DA:572,0
DA:574,0
DA:576,0
DA:578,0
DA:579,0
DA:581,0
DA:582,0
DA:583,0
DA:584,0
DA:585,0
DA:586,0
DA:587,0
DA:588,0
DA:590,0
DA:591,0
DA:592,0
DA:593,0
DA:594,0
DA:602,0
DA:603,0
DA:604,0
DA:608,0
DA:609,0
DA:610,0
DA:613,0
DA:615,0
DA:616,0
DA:617,0
DA:621,0
DA:624,1
DA:626,2
DA:627,0
DA:628,0
DA:629,0
DA:630,0
DA:631,0
DA:632,0
DA:634,0
DA:636,0
DA:638,0
DA:639,0
DA:640,0
DA:641,0
DA:643,0
DA:644,0
DA:646,0
DA:648,0
DA:649,0
DA:650,0
DA:651,0
DA:653,0
DA:655,0
DA:660,0
DA:663,1
DA:664,1
DA:665,3
DA:666,0
DA:668,1
DA:669,2
DA:670,1
DA:671,1
DA:672,1
DA:673,1
DA:674,0
DA:676,0
DA:678,1
DA:679,1
DA:681,0
DA:682,1
DA:683,1
DA:684,1
DA:686,0
DA:687,1
DA:688,1
DA:689,1
DA:690,1
DA:692,0
DA:693,1
DA:694,1
DA:696,0
DA:700,1
DA:701,1
DA:702,0
DA:706,1
DA:707,1
DA:708,0
DA:712,1
DA:713,1
DA:714,1
DA:715,1
DA:717,0
DA:718,0
DA:719,0
DA:721,0
DA:722,0
DA:723,0
DA:725,0
DA:726,0
DA:728,0
DA:729,0
DA:731,0
DA:732,0
DA:734,0
DA:735,0
DA:737,0
DA:738,0
DA:740,0
DA:741,0
DA:742,0
DA:743,0
DA:746,0
DA:747,0
DA:748,0
DA:749,0
DA:750,0
DA:751,0
DA:754,0
DA:756,0
DA:760,1
DA:761,1
DA:762,0
DA:763,1
DA:764,2
DA:765,1
DA:768,0
DA:769,2
DA:771,1
DA:772,2
DA:774,0
DA:776,0
DA:780,1
DA:781,0
DA:782,0
DA:783,0
DA:784,0
DA:785,0
DA:787,0
DA:788,0
DA:789,0
DA:791,0
DA:792,0
DA:793,0
DA:795,0
DA:796,0
DA:797,0
DA:798,0
DA:801,0
DA:802,0
DA:803,0
DA:804,0
DA:807,0
DA:808,0
DA:809,0
DA:810,0
DA:813,0
DA:814,0
DA:815,0
DA:816,0
DA:819,0
DA:820,0
DA:822,0
DA:823,0
DA:824,0
DA:825,0
DA:828,0
DA:830,0
DA:831,0
DA:832,0
DA:834,0
DA:835,0
DA:836,0
DA:837,0
DA:838,0
DA:840,0
DA:841,0
DA:842,0
DA:844,0
DA:846,0
DA:850,1
DA:851,0
DA:852,0
DA:853,0
DA:854,0
DA:855,0
DA:857,0
DA:858,0
DA:859,0
DA:861,0
DA:862,0
DA:863,0
DA:865,0
DA:866,0
DA:867,0
DA:868,0
DA:871,0
DA:872,0
DA:873,0
DA:874,0
DA:877,0
DA:878,0
DA:879,0
DA:880,0
DA:883,0
DA:884,0
DA:885,0
DA:886,0
DA:889,0
DA:890,0
DA:892,0
DA:893,0
DA:894,0
DA:895,0
DA:898,0
DA:899,0
DA:900,0
DA:901,0
DA:902,0
DA:903,0
DA:904,0
DA:905,0
DA:906,0
DA:907,0
DA:908,0
DA:909,0
DA:911,0
DA:912,0
DA:916,0
DA:917,0
DA:918,0
DA:920,0
DA:922,0
DA:925,1
DA:926,0
DA:927,1
DA:928,1
DA:929,0
DA:930,0
DA:932,0
DA:933,0
DA:934,0
DA:935,0
DA:937,0
DA:938,0
DA:940,0
DA:941,0
DA:942,0
DA:943,0
DA:946,0
DA:947,0
DA:948,0
DA:949,0
DA:952,0
DA:953,0
DA:954,0
DA:955,0
DA:958,0
DA:959,0
DA:961,0
DA:962,0
DA:963,0
DA:964,0
DA:967,0
DA:968,0
DA:969,0
DA:970,0
DA:973,0
DA:974,0
DA:975,0
DA:976,0
DA:978,0
DA:979,0
DA:980,0
DA:981,0
DA:982,0
DA:983,0
DA:985,0
DA:986,0
DA:987,0
DA:991,0
DA:993,0
DA:994,0
DA:997,2
DA:998,0
DA:999,2
DA:1001,2
DA:1002,1
DA:1003,1
DA:1004,2
DA:1005,0
DA:1007,2
DA:1008,1
DA:1009,1
DA:1010,1
DA:1011,1
DA:1012,1
DA:1015,2
DA:1017,2
DA:1018,1
DA:1020,2
DA:1021,2
DA:1022,1
DA:1023,1
DA:1024,1
DA:1027,1
DA:1028,2
DA:1029,1
DA:1030,1
DA:1033,3
DA:1034,1
DA:1036,0
DA:1039,2
DA:1040,1
DA:1041,0
DA:1042,0
DA:1044,1
DA:1045,2
DA:1047,1
DA:1048,2
DA:1050,3
DA:1051,1
DA:1053,3
DA:1054,1
DA:1056,2
DA:1057,2
DA:1058,1
DA:1059,0
DA:1060,0
DA:1062,0
DA:1063,1
DA:1064,2
DA:1066,0
DA:1068,2
DA:1069,1
DA:1070,2
DA:1071,1
DA:1072,1
DA:1074,1
DA:1075,0
DA:1080,0
DA:1082,2
DA:1083,1
DA:1084,2
DA:1085,2
DA:1086,1
DA:1087,0
DA:1092,0
DA:1096,1
DA:1097,1
DA:1098,1
DA:1099,0
DA:1101,1
DA:1102,0
DA:1103,1
DA:1104,0
DA:1105,1
DA:1106,0
DA:1107,0
DA:1108,0
DA:1110,3
DA:1111,0
DA:1112,0
DA:1113,0
DA:1117,2
DA:1120,0
DA:1122,1
DA:1123,0
DA:1124,0
DA:1125,0
DA:1127,1
DA:1128,0
DA:1129,1
DA:1130,0
DA:1131,0
DA:1132,0
DA:1134,3
DA:1135,0
DA:1136,0
DA:1137,0
DA:1141,2
DA:1144,0
DA:1148,0
DA:1153,1
DA:1154,1
DA:1155,2
DA:1156,0
DA:1160,2
DA:1161,2
DA:1162,2
DA:1163,1
DA:1167,2
DA:1168,1
DA:1169,0
DA:1172,1
DA:1175,1
DA:1176,2
DA:1177,0
DA:1181,2
DA:1183,1
DA:1184,1
DA:1186,1
DA:1190,1
DA:1191,1
DA:1192,2
DA:1193,3
DA:1195,0
DA:1196,3
DA:1197,1
DA:1198,1
DA:1200,2
DA:1201,3
DA:1203,1
DA:1204,1
DA:1205,1
DA:1206,1
DA:1208,2
DA:1209,1
DA:1210,1
DA:1211,1
DA:1214,2
DA:1215,2
DA:1216,0
DA:1217,0
DA:1218,0
DA:1219,0
DA:1221,2
DA:1222,0
DA:1223,0
DA:1225,0
DA:1226,0
DA:1228,0
DA:1229,0
DA:1230,0
DA:1231,0
DA:1234,1
DA:1235,4
DA:1236,2
DA:1237,1
DA:1239,2
DA:1240,1
DA:1241,1
DA:1242,1
DA:1243,1
DA:1246,3
DA:1247,0
DA:1248,0
DA:1249,0
DA:1250,0
DA:1251,0
DA:1254,2
DA:1255,1
DA:1257,2
DA:1258,3
DA:1259,0
DA:1260,0
DA:1261,0
DA:1262,0
DA:1263,3
DA:1264,2
DA:1266,2
DA:1268,2
DA:1269,2
DA:1270,0
DA:1273,2
DA:1277,1
DA:1278,1
DA:1279,2
DA:1280,0
DA:1281,0
DA:1282,0
DA:1284,0
DA:1288,1
DA:1289,2
DA:1290,1
DA:1291,0
DA:1293,1
DA:1294,1
DA:1295,1
DA:1297,1
DA:1298,1
DA:1299,2
DA:1300,2
DA:1301,2
DA:1302,0
DA:1303,2
DA:1304,2
DA:1305,3
DA:1306,2
DA:1307,1
DA:1308,2
DA:1309,1
DA:1311,1
DA:1313,2
DA:1314,2
DA:1315,2
DA:1316,2
DA:1317,1
DA:1318,2
DA:1319,1
DA:1320,2
DA:1321,1
DA:1323,2
DA:1324,0
DA:1325,0
DA:1328,0
DA:1329,0
DA:1334,1
DA:1335,2
DA:1336,2
DA:1338,0
DA:1339,0
DA:1341,0
DA:1342,0
DA:1343,0
DA:1345,0
DA:1346,0
DA:1347,0
DA:1348,0
DA:1350,0
DA:1351,0
DA:1352,0
DA:1355,0
DA:1357,0
DA:1362,2
DA:1364,3
DA:1365,2
DA:1366,1
DA:1368,2
DA:1369,1
DA:1370,1
DA:1371,3
DA:1372,1
DA:1373,1
DA:1374,2
DA:1375,1
DA:1376,1
DA:1377,1
DA:1378,2
DA:1380,0
DA:1381,0
DA:1382,0
DA:1383,0
DA:1384,0
DA:1385,0
DA:1389,0
DA:1392,1
DA:1393,1
DA:1394,2
DA:1397,1
DA:1398,1
DA:1399,1
DA:1400,2
DA:1401,1
DA:1402,1
DA:1404,0
DA:1405,0
DA:1411,2
DA:1412,2
DA:1413,2
DA:1415,1
DA:1416,1
DA:1417,1
DA:1418,2
DA:1419,1
DA:1420,1
DA:1421,1
DA:1422,1
DA:1423,1
DA:1424,2
DA:1425,0
DA:1426,0
DA:1427,0
DA:1428,0
DA:1430,0
DA:1433,1
DA:1434,0
DA:1435,0
DA:1436,0
DA:1437,0
DA:1438,0
DA:1439,0
DA:1441,0
DA:1444,1
DA:1449,2
DA:1450,3
DA:1451,2
DA:1452,1
DA:1454,2
DA:1455,0
DA:1456,0
DA:1457,0
DA:1460,2
DA:1461,2
DA:1462,1
DA:1463,1
DA:1465,1
DA:1466,2
DA:1467,2
DA:1468,2
DA:1469,1
DA:1470,1
DA:1471,0
DA:1472,0
DA:1475,2
DA:1477,1
DA:1478,1
DA:1479,2
DA:1480,1
DA:1481,1
DA:1482,1
DA:1484,0
DA:1488,3
DA:1489,1
DA:1490,1
DA:1491,1
DA:1493,3
DA:1495,0
DA:1496,0
DA:1498,0
DA:1499,0
DA:1500,0
DA:1501,0
DA:1503,0
DA:1504,0
DA:1505,0
DA:1506,0
DA:1507,0
DA:1508,0
DA:1510,0
DA:1511,0
DA:1512,0
DA:1515,0
DA:1516,0
DA:1518,0
DA:1522,1
DA:1524,0
DA:1525,0
DA:1526,0
DA:1527,0
DA:1528,0
DA:1529,0
DA:1530,0
DA:1533,0
DA:1534,0
DA:1535,0
DA:1536,0
DA:1537,0
DA:1539,0
DA:1542,2
DA:1543,2
DA:1544,2
DA:1545,2
DA:1546,2
DA:1547,1
DA:1548,3
DA:1549,2
DA:1550,3
DA:1551,1
DA:1552,1
DA:1555,1
DA:1556,2
DA:1558,2
DA:1560,3
DA:1561,2
DA:1562,3
DA:1563,2
DA:1564,1
DA:1566,2
DA:1568,2
DA:1569,2
DA:1570,2
DA:1571,3
DA:1572,1
DA:1573,1
DA:1575,2
DA:1578,2
DA:1579,3
DA:1581,1
DA:1582,1
DA:1583,1
DA:1585,0
DA:1586,0
DA:1587,0
DA:1588,0
DA:1589,0
DA:1590,0
DA:1591,0
DA:1592,0
DA:1594,0
DA:1598,2
DA:1599,3
DA:1601,1
DA:1602,1
DA:1603,1
DA:1605,0
DA:1606,0
DA:1607,0
DA:1608,0
DA:1609,0
DA:1610,0
DA:1611,0
DA:1613,0
DA:1617,2
DA:1618,4
DA:1619,3
DA:1620,1
DA:1621,1
DA:1622,1
DA:1623,1
DA:1625,1
DA:1626,1
DA:1629,2
DA:1632,0
DA:1633,0
DA:1634,0
DA:1637,0
DA:1640,0
DA:1646,0
DA:1655,0
DA:1659,0
DA:1660,0
DA:1661,0
DA:1662,0
DA:1664,0
DA:1665,0
DA:1666,0
DA:1667,0
DA:1668,0
DA:1670,0
DA:1672,0
DA:1675,0
DA:1678,0
DA:1679,0
DA:1680,0
DA:1682,0
DA:1683,0
DA:1685,0
DA:1688,0
DA:1689,0
DA:1690,0
DA:1693,3
DA:1694,1
DA:1695,0
DA:1696,0
DA:1697,0
DA:1698,0
DA:1699,0
DA:1700,0
DA:1701,0
DA:1702,0
DA:1703,0
DA:1704,0
DA:1705,0
DA:1706,0
DA:1707,0
DA:1708,0
DA:1709,0
DA:1710,0
DA:1711,0
DA:1712,0
DA:1713,0
DA:1714,2
DA:1716,0
DA:1717,1
DA:1724,1
DA:1725,1
DA:1726,1
DA:1727,1
DA:1728,1
DA:1729,1
DA:1733,1
DA:1735,1
DA:1736,2
DA:1737,1
DA:1738,2
DA:1739,1
DA:1740,1
DA:1741,1
DA:1742,0
DA:1744,1
DA:1745,1
DA:1746,1
DA:1747,2
DA:1748,2
DA:1749,2
DA:1750,1
DA:1751,1
DA:1753,1
DA:1754,4
DA:1755,1
DA:1759,2
DA:1760,1
DA:1763,1
DA:1766,2
DA:1767,1
DA:1768,1
DA:1771,1
DA:1773,1
DA:1774,2
DA:1775,1
DA:1776,1
DA:1777,1
DA:1778,1
DA:1779,1
DA:1780,1
DA:1781,1
DA:1782,1
DA:1783,1
DA:1784,1
DA:1785,1
DA:1786,1
DA:1787,1
DA:1788,1
DA:1789,1
DA:1790,1
DA:1791,1
DA:1792,1
DA:1793,1
DA:1794,1
DA:1795,2
DA:1796,1
DA:1797,1
DA:1798,0
DA:1799,0
DA:1801,1
DA:1802,1
DA:1803,0
DA:1804,0
DA:1806,1
DA:1807,1
DA:1808,1
DA:1809,1
DA:1810,2
DA:1811,0
DA:1812,0
DA:1813,0
DA:1814,0
DA:1815,0
DA:1817,0
DA:1819,2
DA:1821,1
DA:1822,2
DA:1823,1
DA:1824,1
DA:1825,1
DA:1826,1
DA:1827,1
DA:1829,1
DA:1831,1
DA:1832,2
DA:1833,0
DA:1834,0
DA:1835,0
DA:1836,0
DA:1837,0
DA:1839,3
DA:1840,4
DA:1841,2
DA:1842,1
DA:1843,3
DA:1844,3
DA:1845,0
DA:1846,0
DA:1847,0
DA:1849,1
DA:1851,2
DA:1852,2
DA:1853,1
DA:1857,1
DA:1858,1
DA:1861,1
DA:1863,1
DA:1864,2
DA:1865,1
DA:1866,2
DA:1867,1
DA:1868,1
DA:1869,0
DA:1870,0
DA:1872,1
DA:1873,1
DA:1874,1
DA:1875,2
DA:1876,0
DA:1877,0
DA:1878,0
DA:1879,0
DA:1883,2
DA:1884,1
DA:1885,1
DA:1889,1
DA:1890,4
DA:1893,1
DA:1896,1
DA:1897,1
DA:1900,1
DA:1901,1
DA:1902,1
DA:1903,1
DA:1906,2
DA:1907,1
DA:1910,2
DA:1912,3
DA:1913,1
DA:1914,1
DA:1916,2
DA:1917,3
DA:1918,1
DA:1919,1
DA:1920,2
DA:1926,3
DA:1927,1
DA:1928,1
DA:1929,2
DA:1933,3
DA:1934,1
DA:1935,1
DA:1936,2
DA:1942,1
DA:1943,1
DA:1944,1
DA:1945,1
DA:1946,1
DA:1947,1
DA:1948,1
DA:1951,2
DA:1952,2
DA:1953,1
DA:1954,2
DA:1955,2
DA:1956,2
DA:1958,1
DA:1962,2
DA:1963,2
DA:1964,1
DA:1965,2
DA:1967,1
DA:1968,0
DA:1970,2
DA:1974,2
DA:1975,2
DA:1976,1
DA:1977,2
DA:1979,1
DA:1980,0
DA:1982,2
DA:1986,2
DA:1987,1
DA:1988,2
DA:1989,1
DA:1990,1
DA:1991,1
DA:1992,0
DA:1994,1
DA:1995,3
DA:1996,0
DA:1998,1
DA:2000,2
DA:2003,1
DA:2007,1
DA:2008,1
DA:2009,1
DA:2012,1
DA:2013,2
DA:2014,2
DA:2017,1
DA:2019,2
DA:2020,2
DA:2021,1
DA:2028,1
DA:2029,1
DA:2030,1
DA:2031,0
DA:2033,2
DA:2034,2
DA:2035,3
DA:2036,0
DA:2037,0
DA:2038,0
DA:2039,0
DA:2041,2
DA:2042,2
DA:2043,1
DA:2044,1
DA:2046,1
DA:2050,1
DA:2051,0
DA:2052,4
DA:2054,0
DA:2055,0
DA:2057,0
DA:2058,0
DA:2061,1
DA:2065,1
DA:2066,2
DA:2068,2
DA:2070,2
DA:2072,2
DA:2074,2
DA:2076,2
DA:2078,2
DA:2080,2
DA:2082,2
DA:2083,2
DA:2084,2
DA:2086,2
DA:2087,2
DA:2088,2
DA:2089,2
DA:2090,2
DA:2091,2
DA:2092,2
DA:2093,2
DA:2094,2
DA:2095,2
DA:2097,2
DA:2098,2
DA:2099,2
DA:2100,2
DA:2102,2
DA:2103,2
DA:2104,2
DA:2105,2
DA:2106,2
DA:2107,2
DA:2108,2
DA:2109,2
DA:2111,2
DA:2112,2
DA:2113,2
DA:2114,2
DA:2116,2
DA:2117,2
DA:2119,2
DA:2120,2
DA:2121,2
DA:2122,2
DA:2123,2
DA:2124,2
DA:2125,2
DA:2126,2
DA:2127,2
DA:2128,2
DA:2129,2
DA:2130,2
DA:2131,2
DA:2132,2
DA:2134,2
DA:2135,2
DA:2136,2
DA:2137,2
DA:2139,2
DA:2141,2
DA:2142,2
DA:2143,2
DA:2144,2
DA:2145,2
DA:2146,2
DA:2147,2
DA:2148,2
DA:2149,2
DA:2150,2
DA:2151,2
DA:2152,2
DA:2153,2
DA:2154,2
DA:2155,2
DA:2156,2
DA:2157,2
DA:2158,2
DA:2160,2
DA:2161,2
DA:2163,2
DA:2164,2
DA:2165,2
DA:2166,2
DA:2167,2
DA:2168,2
DA:2170,2
DA:2172,2
DA:2174,2
DA:2176,2
DA:2178,2
DA:2179,2
DA:2180,2
DA:2181,2
DA:2183,2
DA:2184,2
DA:2185,2
DA:2187,2
DA:2189,1
DA:2193,0
DA:2194,0
DA:2195,0
DA:2196,0
DA:2198,0
DA:2199,0
DA:2200,0
DA:2201,0
DA:2202,0
DA:2204,0
DA:2205,0
DA:2206,0
DA:2208,0
DA:2209,0
DA:2210,0
DA:2212,0
DA:2215,0
DA:2216,0
DA:2217,0
DA:2218,0
DA:2220,0
DA:2223,0
DA:2224,0
DA:2227,0
DA:2228,0
DA:2230,0
DA:2232,0
DA:2234,0
DA:2235,0
DA:2237,0
DA:2238,0
DA:2239,0
DA:2242,0
DA:2243,0
DA:2244,0
DA:2245,0
DA:2246,0
DA:2248,0
DA:2252,0
DA:2253,0
DA:2257,0
DA:2261,0
DA:2262,0
DA:2263,0
DA:2264,0
DA:2266,0
DA:2267,0
DA:2268,0
DA:2269,0
DA:2270,0
DA:2272,0
DA:2273,0
DA:2274,0
DA:2277,0
DA:2278,0
DA:2280,0
DA:2283,0
DA:2284,0
DA:2285,0
DA:2286,0
DA:2288,0
DA:2291,0
DA:2292,0
DA:2295,0
DA:2296,0
DA:2298,0
DA:2301,0
DA:2303,0
DA:2304,0
DA:2306,0
DA:2307,0
DA:2308,0
DA:2309,0
DA:2311,0
DA:2313,0
DA:2314,0
DA:2315,0
DA:2316,0
DA:2320,0
DA:2325,1
DA:2327,1
DA:2328,0
DA:2332,3
DA:2334,1
DA:2335,1
DA:2337,2
DA:2338,1
DA:2339,1
DA:2341,0
DA:2343,0
DA:2348,1
DA:2349,2
DA:2350,1
DA:2354,1
DA:2355,2
DA:2357,1
DA:2358,1
DA:2360,2
DA:2361,1
DA:2362,1
DA:2363,1
DA:2364,0
DA:2366,2
DA:2368,0
DA:2369,0
DA:2370,0
DA:2371,0
DA:2372,0
DA:2373,0
DA:2377,0
DA:2382,1
DA:2383,2
DA:2384,2
DA:2385,1
DA:2386,1
DA:2387,1
DA:2388,1
DA:2394,1
DA:2395,1
DA:2396,2
DA:2398,0
DA:2399,0
DA:2404,1
DA:2406,1
DA:2407,1
DA:2409,3
DA:2410,1
DA:2412,1
DA:2413,1
DA:2414,1
DA:2415,1
DA:2417,3
DA:2420,1
DA:2421,3
DA:2422,1
DA:2423,1
DA:2424,3
DA:2425,1
DA:2426,1
DA:2428,2
DA:2430,2
DA:2431,1
DA:2434,1
DA:2435,0
DA:2439,2
DA:2440,0
DA:2441,1
DA:2442,2
DA:2443,1
DA:2444,0
DA:2445,1
DA:2446,0
DA:2447,1
DA:2448,2
DA:2449,1
DA:2450,0
DA:2454,0
DA:2455,0
DA:2456,0
DA:2457,0
DA:2460,0
DA:2461,0
DA:2462,0
DA:2463,0
DA:2464,0
DA:2465,0
DA:2468,0
DA:2470,0
DA:2471,0
DA:2472,0
DA:2473,0
DA:2475,0
DA:2476,0
DA:2477,0
DA:2478,0
DA:2480,0
DA:2483,0
DA:2484,0
DA:2485,0
DA:2486,0
DA:2487,0
DA:2488,0
DA:2489,0
DA:2490,0
DA:2494,0
DA:2496,0
DA:2497,0
DA:2498,0
DA:2499,0
DA:2500,0
DA:2504,1
DA:2505,2
DA:2506,1
DA:2507,1
DA:2508,1
DA:2509,1
DA:2510,1
DA:2511,1
DA:2512,1
DA:2513,1
DA:2514,1
DA:2515,1
DA:2516,1
DA:2517,1
DA:2518,1
DA:2519,1
DA:2520,1
DA:2521,1
DA:2522,1
DA:2523,1
DA:2524,1
DA:2526,2
DA:2527,1
DA:2529,2
DA:2530,1
DA:2531,3
DA:2535,1
DA:2536,1
DA:2537,2
DA:2538,1
DA:2542,1
DA:2543,2
DA:2544,1
DA:2545,1
DA:2546,1
DA:2547,1
DA:2548,1
DA:2549,1
DA:2550,1
DA:2551,1
DA:2552,1
DA:2553,1
DA:2554,1
DA:2555,1
DA:2556,1
DA:2557,1
DA:2558,1
DA:2559,1
DA:2560,1
DA:2561,1
DA:2562,1
DA:2564,2
DA:2565,2
DA:2566,2
DA:2567,0
DA:2569,1
DA:2570,3
DA:2575,0
DA:2576,0
DA:2577,0
DA:2578,0
DA:2581,0
DA:2582,0
DA:2583,0
DA:2584,0
DA:2585,0
DA:2587,0
DA:2588,0
DA:2589,0
DA:2592,0
DA:2593,0
DA:2595,0
DA:2596,0
DA:2599,0
DA:2600,0
DA:2601,0
DA:2603,0
DA:2607,0
DA:2609,0
DA:2610,0
DA:2612,0
DA:2613,0
DA:2614,0
DA:2615,0
DA:2617,0
DA:2619,0
DA:2620,0
DA:2621,0
DA:2622,0
DA:2624,0
DA:2630,0
DA:2634,1
DA:2635,1
DA:2636,1
DA:2637,1
DA:2638,1
DA:2639,1
DA:2640,1
DA:2642,2
DA:2643,1
DA:2644,2
DA:2647,1
DA:2648,1
DA:2650,1
DA:2651,3
DA:2652,3
DA:2653,1
DA:2654,3
DA:2655,2
DA:2656,2
DA:2658,1
DA:2659,3
DA:2660,2
DA:2661,2
DA:2663,3
DA:2664,2
DA:2665,1
DA:2667,1
DA:2668,2
DA:2669,3
DA:2670,2
DA:2671,2
DA:2673,3
DA:2674,2
DA:2675,2
DA:2677,1
DA:2678,2
DA:2680,1
DA:2683,1
DA:2684,1
DA:2685,1
DA:2686,1
DA:2687,1
DA:2688,1
DA:2689,1
DA:2691,2
DA:2692,1
DA:2693,2
DA:2696,1
DA:2697,1
DA:2699,1
DA:2700,2
DA:2701,1
DA:2702,2
DA:2703,2
DA:2704,2
DA:2705,2
DA:2706,2
DA:2707,1
DA:2708,2
DA:2709,2
DA:2710,2
DA:2711,2
DA:2712,1
DA:2713,2
DA:2714,2
DA:2715,2
DA:2716,2
DA:2718,1
DA:2721,0
DA:2722,0
DA:2724,0
DA:2725,0
DA:2726,0
DA:2727,0
DA:2728,0
DA:2729,0
DA:2732,0
DA:2733,0
DA:2734,0
DA:2737,0
DA:2738,0
DA:2739,0
DA:2742,0
DA:2743,0
DA:2744,0
DA:2745,0
DA:2747,0
DA:2748,0
DA:2752,0
DA:2753,0
DA:2754,0
DA:2757,0
DA:2758,0
DA:2760,0
DA:2763,0
DA:2765,0
DA:2766,0
DA:2768,0
DA:2769,0
DA:2770,0
DA:2771,0
DA:2773,0
DA:2775,0
DA:2776,0
DA:2777,0
DA:2778,0
DA:2780,0
DA:2785,0
DA:2788,1
DA:2789,2
DA:2790,1
DA:2791,2
DA:2793,1
DA:2794,2
DA:2795,0
DA:2796,0
DA:2797,0
DA:2798,0
DA:2799,0
DA:2800,0
DA:2801,0
DA:2806,1
DA:2807,2
DA:2808,1
DA:2809,1
DA:2810,2
DA:2811,2
DA:2812,2
DA:2818,2
DA:2819,1
DA:2821,2
DA:2824,1
DA:2825,1
DA:2826,2
DA:2828,1
DA:2829,1
DA:2830,1
DA:2834,1
DA:2835,1
DA:2836,2
DA:2837,3
DA:2838,0
DA:2839,2
DA:2841,1
DA:2842,1
DA:2845,0
DA:2846,0
DA:2847,0
DA:2851,3
DA:2852,0
DA:2853,2
DA:2858,2
DA:2859,0
DA:2861,2
DA:2864,2
DA:2865,1
DA:2866,1
DA:2867,1
DA:2868,0
DA:2870,2
DA:2873,1
DA:2874,2
DA:2875,2
DA:2877,2
DA:2880,2
DA:2881,2
DA:2882,3
DA:2883,0
DA:2885,2
DA:2888,1
DA:2889,1
DA:2890,1
DA:2891,1
DA:2893,1
DA:2894,1
DA:2895,1
DA:2896,1
DA:2901,1
DA:2902,2
DA:2903,1
DA:2904,1
DA:2905,0
DA:2906,0
DA:2909,1
DA:2910,1
DA:2911,1
DA:2912,0
DA:2913,0
DA:2914,0
DA:2915,0
DA:2917,0
DA:2920,3
DA:2921,2
DA:2922,2
DA:2926,1
DA:2927,0
DA:2929,2
DA:2930,1
DA:2931,1
DA:2937,1
DA:2938,1
DA:2939,1
DA:2940,1
DA:2941,4
DA:2942,2
DA:2943,1
DA:2944,1
DA:2947,2
DA:2948,1
DA:2951,1
DA:2952,2
DA:2953,0
DA:2954,2
DA:2958,1
DA:2959,1
DA:2960,0
DA:2961,2
DA:2962,2
DA:2963,1
DA:2964,2
DA:2965,2
DA:2969,1
DA:2970,2
DA:2971,1
DA:2972,2
DA:2973,2
DA:2974,1
DA:2975,2
DA:2976,2
DA:2979,2
DA:2980,0
DA:2981,0
DA:2982,0
DA:2985,2
DA:2986,2
DA:2987,2
DA:2989,1
DA:2991,1
DA:2992,1
DA:2993,2
DA:2994,2
DA:2995,2
DA:2996,2
DA:2999,1
DA:3000,1
DA:3001,0
DA:3002,0
DA:3003,0
DA:3007,1
DA:3008,2
DA:3009,2
DA:3010,2
DA:3011,2
DA:3022,1
DA:3023,1
DA:3024,1
DA:3026,2
DA:3027,2
DA:3028,2
DA:3029,2
DA:3030,1
DA:3031,1
DA:3032,2
DA:3033,1
DA:3038,1
DA:3039,0
DA:3040,0
DA:3042,1
DA:3043,2
DA:3044,2
DA:3045,2
DA:3046,0
DA:3048,2
DA:3051,0
DA:3056,1
DA:3059,1
DA:3060,2
DA:3061,3
DA:3062,1
DA:3066,1
DA:3070,1
DA:3071,1
DA:3072,1
DA:3074,0
DA:3077,2
DA:3078,1
DA:3080,1
DA:3083,1
DA:3084,1
DA:3085,1
DA:3086,1
DA:3088,2
DA:3089,1
DA:3090,1
DA:3093,1
DA:3094,1
DA:3095,1
DA:3096,1
DA:3097,1
DA:3099,1
DA:3102,2
DA:3103,2
DA:3104,2
DA:3105,1
DA:3106,1
DA:3109,1
DA:3110,2
DA:3111,2
DA:3112,1
DA:3113,2
DA:3116,1
DA:3117,0
DA:3118,0
DA:3119,0
DA:3122,2
DA:3123,2
DA:3124,2
DA:3129,1
DA:3130,0
DA:3131,0
DA:3133,1
DA:3134,1
DA:3135,1
DA:3136,2
DA:3137,1
DA:3141,1
DA:3142,0
DA:3143,0
DA:3144,0
DA:3145,0
DA:3147,0
DA:3148,0
DA:3149,0
DA:3150,0
DA:3155,2
DA:3156,0
DA:3157,0
DA:3158,0
DA:3159,0
DA:3162,2
DA:3163,2
DA:3164,2
DA:3165,1
DA:3166,2
DA:3170,1
DA:3171,1
DA:3172,2
DA:3173,2
DA:3176,1
DA:3178,1
DA:3182,0
DA:3187,0
DA:3188,0
DA:3189,0
DA:3191,0
DA:3192,0
DA:3194,0
DA:3198,0
DA:3199,0
DA:3201,0
DA:3205,0
DA:3206,0
DA:3208,0
DA:3212,0
DA:3213,0
DA:3215,0
DA:3216,0
DA:3217,0
DA:3218,0
DA:3219,0
DA:3221,0
DA:3224,0
DA:3226,0
DA:3227,0
DA:3228,0
DA:3229,0
DA:3230,0
DA:3232,0
DA:3233,0
DA:3235,0
DA:3236,0
DA:3237,0
DA:3238,0
DA:3239,0
DA:3241,0
DA:3250,0
DA:3251,0
DA:3254,0
DA:3255,0
DA:3258,0
DA:3261,0
DA:3262,0
DA:3266,1
DA:3267,1
DA:3268,1
DA:3269,1
DA:3271,2
DA:3272,2
DA:3273,1
DA:3274,1
DA:3275,2
DA:3276,1
DA:3277,2
DA:3279,2
DA:3281,2
DA:3282,1
DA:3283,2
DA:3286,1
DA:3287,1
DA:3288,2
DA:3289,1
DA:3290,2
DA:3296,1
DA:3298,2
DA:3299,2
DA:3300,2
DA:3305,2
DA:3306,2
DA:3307,2
DA:3308,2
DA:3309,2
DA:3310,1
DA:3312,2
DA:3313,2
DA:3314,2
DA:3315,2
DA:3316,2
DA:3317,1
DA:3319,2
DA:3320,2
DA:3321,2
DA:3322,2
DA:3323,2
DA:3324,1
DA:3326,5
DA:3327,2
DA:3328,2
DA:3329,1
DA:3330,3
DA:3331,1
DA:3332,1
DA:3335,3
DA:3336,2
DA:3337,1
DA:3338,3
DA:3339,2
DA:3340,2
DA:3342,2
DA:3343,1
DA:3344,1
DA:3346,0
DA:3348,2
DA:3349,2
DA:3350,2
DA:3351,2
DA:3352,2
DA:3353,1
DA:3355,5
DA:3357,2
DA:3358,2
DA:3359,2
DA:3362,2
DA:3366,1
DA:3370,1
DA:3371,1
DA:3372,1
DA:3374,2
DA:3376,2
DA:3377,1
DA:3378,3
DA:3380,1
DA:3384,2
DA:3389,1
DA:3391,1
DA:3394,1
DA:3395,1
DA:3396,1
DA:3399,2
DA:3400,2
DA:3401,3
DA:3402,2
DA:3403,2
DA:3404,2
DA:3406,1
DA:3408,2
DA:3409,1
DA:3411,2
DA:3412,2
DA:3413,2
DA:3414,2
DA:3415,2
DA:3416,2
DA:3418,1
DA:3420,0
DA:3421,0
DA:3425,2
DA:3426,2
DA:3427,2
DA:3428,2
DA:3429,2
DA:3431,1
DA:3433,0
DA:3434,0
DA:3441,2
DA:3442,1
DA:3445,1
DA:5794,0
DA:5797,0
DA:5798,0
DA:5799,0
DA:5801,0
DA:5802,0
DA:5805,0
DA:5806,0
DA:5808,0
DA:5809,0
DA:5811,0
DA:5812,0
DA:5815,0
DA:5818,0
DA:5819,0
DA:5820,0
DA:5824,0
DA:5826,0
DA:5827,0
DA:5828,0
DA:5829,0
DA:5830,0
DA:5831,0
DA:5832,0
DA:5833,0
DA:5835,0
DA:5838,0
DA:5842,0
LF:2096
LH:1127
end_of_record
TN:
SF:/opt/pawan/crates/pawan-cli/tests/cli_tests.rs
FNF:0
DA:1,1
DA:15,1
DA:16,1
DA:17,1
DA:24,3
DA:25,8
DA:26,1
DA:27,1
DA:28,1
DA:29,2
DA:30,2
DA:31,2
DA:32,2
DA:33,2
DA:34,2
DA:35,2
DA:36,2
DA:39,3
DA:40,2
DA:41,1
DA:42,1
DA:43,1
DA:44,2
DA:45,2
DA:48,3
DA:49,3
DA:50,1
DA:51,1
DA:52,1
DA:53,2
DA:54,2
DA:55,2
DA:58,3
DA:59,2
DA:60,1
DA:61,1
DA:62,1
DA:63,2
DA:64,2
DA:71,3
DA:72,6
DA:73,1
DA:74,1
DA:75,1
DA:76,2
DA:77,2
DA:78,2
DA:79,2
DA:80,2
DA:81,2
DA:84,3
DA:85,3
DA:86,1
DA:87,1
DA:88,1
DA:89,2
DA:90,2
DA:91,2
DA:94,3
DA:95,3
DA:96,1
DA:97,1
DA:98,1
DA:99,2
DA:100,2
DA:101,2
DA:104,3
DA:105,3
DA:106,1
DA:107,1
DA:108,1
DA:109,2
DA:110,2
DA:111,2
DA:114,3
DA:115,2
DA:116,1
DA:117,1
DA:118,1
DA:119,2
DA:120,2
DA:127,3
DA:128,1
DA:130,1
DA:131,1
DA:132,1
DA:133,1
DA:134,1
DA:135,1
DA:136,2
DA:139,3
DA:140,1
DA:141,1
DA:142,1
DA:143,1
DA:144,1
DA:145,2
DA:148,3
DA:149,1
DA:150,1
DA:151,1
DA:152,1
DA:153,1
DA:154,2
DA:157,3
DA:158,1
DA:159,1
DA:160,1
DA:161,1
DA:162,1
DA:163,1
DA:164,2
DA:167,3
DA:168,1
DA:169,2
DA:176,3
DA:177,1
DA:180,1
DA:181,2
DA:188,1
DA:190,1
DA:191,1
DA:192,1
DA:195,1
DA:198,2
DA:199,1
DA:200,1
DA:201,1
DA:202,1
DA:203,1
DA:204,2
DA:205,2
DA:208,3
DA:209,1
DA:212,1
DA:213,2
DA:220,1
DA:222,1
DA:223,1
DA:224,1
DA:227,1
DA:229,2
DA:230,1
DA:231,1
DA:232,1
DA:233,1
DA:234,1
DA:236,2
DA:237,2
DA:244,3
DA:245,2
DA:246,1
DA:247,1
DA:248,1
DA:249,2
DA:250,2
DA:253,3
DA:254,2
DA:255,1
DA:256,1
DA:257,1
DA:258,2
DA:259,2
DA:262,3
DA:263,2
DA:264,1
DA:265,1
DA:266,1
DA:267,2
DA:268,2
DA:271,3
DA:272,1
DA:273,1
DA:274,1
DA:275,1
DA:276,1
DA:277,1
DA:278,2
DA:285,3
DA:286,1
DA:287,2
DA:289,1
DA:297,1
DA:299,1
DA:300,1
DA:301,1
DA:302,1
DA:303,1
DA:304,1
DA:305,2
DA:308,3
DA:309,1
DA:310,1
DA:311,1
DA:312,1
DA:313,1
DA:314,1
DA:315,2
DA:322,3
DA:323,1
DA:324,1
DA:325,1
DA:326,1
DA:327,2
DA:330,3
DA:331,1
DA:332,1
DA:333,1
DA:334,1
DA:335,2
DA:338,3
DA:339,1
DA:340,1
DA:341,1
DA:342,1
DA:343,2
DA:346,3
DA:347,1
DA:348,1
DA:349,1
DA:350,1
DA:351,2
DA:358,3
DA:359,1
DA:361,1
DA:362,1
DA:363,1
DA:364,1
DA:365,1
DA:366,1
DA:367,2
DA:370,3
DA:371,1
DA:372,1
DA:373,1
DA:374,1
DA:375,2
DA:378,3
DA:379,1
DA:380,1
DA:381,1
DA:382,1
DA:383,2
DA:386,3
DA:387,1
DA:388,1
DA:389,1
DA:390,1
DA:391,2
DA:398,3
DA:399,5
DA:400,1
DA:401,1
DA:402,1
DA:403,2
DA:404,2
DA:405,2
DA:406,2
DA:407,2
DA:410,3
DA:411,1
DA:412,2
DA:415,3
DA:416,1
DA:417,1
DA:418,1
DA:419,1
DA:420,2
DA:423,3
DA:424,2
DA:425,1
DA:426,1
DA:427,1
DA:428,2
DA:429,2
DA:432,3
DA:433,2
DA:434,1
DA:435,1
DA:436,1
DA:437,2
DA:438,2
LF:282
LH:282
end_of_record
TN:
SF:/opt/pawan/crates/pawan-core/src/agent/backend/ares_backend.rs
FN:20,AresBackend::new
FN:28,AresBackend::from_provider
FN:40,AresBackend::to_ares_messages
FN:83,AresBackend::to_ares_tools
FN:95,AresBackend::from_ares_response
FN:126,<impl LlmBackend for AresBackend>::generate
FNF:6
FNDA:1,AresBackend::new
FNDA:0,AresBackend::from_provider
FNDA:0,AresBackend::to_ares_messages
FNDA:0,AresBackend::to_ares_tools
FNDA:0,AresBackend::from_ares_response
FNDA:0,<impl LlmBackend for AresBackend>::generate
DA:20,1
DA:28,0
DA:32,0
DA:34,0
DA:35,0
DA:36,0
DA:40,0
DA:44,0
DA:46,0
DA:47,0
DA:48,0
DA:51,0
DA:52,0
DA:53,0
DA:54,0
DA:55,0
DA:56,0
DA:59,0
DA:62,0
DA:63,0
DA:64,0
DA:65,0
DA:69,0
DA:71,0
DA:72,0
DA:73,0
DA:74,0
DA:75,0
DA:79,0
DA:83,0
DA:86,0
DA:87,0
DA:88,0
DA:89,0
DA:95,0
DA:96,0
DA:99,0
DA:100,0
DA:101,0
DA:102,0
DA:106,0
DA:107,0
DA:108,0
DA:109,0
DA:111,0
DA:115,0
DA:118,0
DA:126,0
DA:132,0
DA:133,0
DA:135,0
DA:137,0
DA:138,0
DA:139,0
DA:141,0
LF:55
LH:1
end_of_record
TN:
SF:/opt/pawan/crates/pawan-core/src/agent/backend/lancor.rs
FN:38,LancorBackend::new
FN:55,LancorBackend::with_api_key
FNF:2
FNDA:0,LancorBackend::new
FNDA:0,LancorBackend::with_api_key
DA:38,0
DA:39,0
DA:40,0
DA:41,0
DA:42,0
DA:43,0
DA:44,0
DA:45,0
DA:55,0
DA:56,0
DA:57,0
DA:58,0
DA:59,0
DA:60,0
DA:61,0
LF:15
LH:0
end_of_record
TN:
SF:/opt/pawan/crates/pawan-core/src/agent/backend/mock.rs
FN:48,MockResponse::text
FN:52,MockResponse::tool_call
FN:60,MockResponse::tool_sequence
FN:96,MockScenario::detect
FN:115,MockScenario::responses
FN:147,mock_from_scenario
FN:161,MockBackend::new
FN:169,MockBackend::with_text
FN:174,MockBackend::with_tool_call
FN:186,MockBackend::with_repeated_tool_call
FN:207,MockBackend::with_multiple_tool_calls
FN:223,MockBackend::with_text_and_usage
FN:242,<impl LlmBackend for MockBackend>::generate
FNF:13
FNDA:2,MockResponse::text
FNDA:2,MockResponse::tool_call
FNDA:1,MockResponse::tool_sequence
FNDA:1,MockScenario::detect
FNDA:1,MockScenario::responses
FNDA:1,mock_from_scenario
FNDA:2,MockBackend::new
FNDA:1,MockBackend::with_text
FNDA:1,MockBackend::with_tool_call
FNDA:1,MockBackend::with_repeated_tool_call
FNDA:1,MockBackend::with_multiple_tool_calls
FNDA:1,MockBackend::with_text_and_usage
FNDA:10,<impl LlmBackend for MockBackend>::generate
DA:48,2
DA:49,2
DA:52,2
DA:54,4
DA:55,2
DA:60,1
DA:62,1
DA:63,1
DA:64,4
DA:65,2
DA:66,1
DA:67,1
DA:69,1
DA:96,1
DA:97,2
DA:98,2
DA:99,1
DA:100,1
DA:102,2
DA:103,2
DA:104,1
DA:105,1
DA:106,1
DA:107,1
DA:111,1
DA:115,1
DA:116,1
DA:117,1
DA:118,2
DA:119,2
DA:120,1
DA:122,0
DA:123,0
DA:124,0
DA:126,2
DA:127,3
DA:128,2
DA:129,2
DA:131,1
DA:133,2
DA:134,2
DA:135,2
DA:140,1
DA:147,1
DA:148,1
DA:161,2
DA:163,2
DA:164,4
DA:169,1
DA:170,2
DA:174,1
DA:175,3
DA:176,1
DA:177,1
DA:178,1
DA:179,1
DA:181,2
DA:186,1
DA:187,2
DA:188,1
DA:189,1
DA:190,1
DA:191,2
DA:193,1
DA:194,1
DA:195,1
DA:196,2
DA:198,1
DA:199,1
DA:200,1
DA:201,2
DA:207,1
DA:208,1
DA:210,4
DA:211,1
DA:212,1
DA:213,1
DA:216,3
DA:217,1
DA:218,2
DA:223,1
DA:224,1
DA:225,1
DA:229,1
DA:233,2
DA:234,1
DA:242,10
DA:248,4
DA:250,3
DA:252,1
DA:255,4
DA:256,4
DA:257,2
DA:258,2
DA:259,2
DA:260,2
DA:261,2
DA:263,2
DA:264,1
DA:265,1
DA:266,1
DA:267,1
DA:268,1
DA:270,4
DA:271,2
DA:272,2
DA:273,4
DA:274,2
DA:275,2
DA:276,2
DA:278,2
DA:279,2
DA:281,2
DA:282,1
DA:283,1
DA:284,1
DA:285,1
DA:286,1
LF:118
LH:115
end_of_record
TN:
SF:/opt/pawan/crates/pawan-core/src/agent/backend/ollama.rs
FN:19,OllamaBackend::new
FN:29,OllamaBackend::build_messages
FN:81,OllamaBackend::build_tools
FN:97,OllamaBackend::non_streaming
FN:123,OllamaBackend::streaming
FN:214,OllamaBackend::parse_response
FN:264,<impl LlmBackend for OllamaBackend>::generate
FNF:7
FNDA:1,OllamaBackend::new
FNDA:1,OllamaBackend::build_messages
FNDA:1,OllamaBackend::build_tools
FNDA:0,OllamaBackend::non_streaming
FNDA:0,OllamaBackend::streaming
FNDA:1,OllamaBackend::parse_response
FNDA:0,<impl LlmBackend for OllamaBackend>::generate
DA:19,1
DA:21,1
DA:29,1
DA:30,1
DA:35,2
DA:36,1
DA:38,2
DA:41,2
DA:44,2
DA:45,2
DA:47,1
DA:50,2
DA:51,1
DA:59,2
DA:67,2
DA:68,2
DA:70,1
DA:71,1
DA:78,1
DA:81,1
DA:84,2
DA:85,1
DA:90,1
DA:97,0
DA:98,0
DA:100,0
DA:101,0
DA:103,0
DA:104,0
DA:106,0
DA:107,0
DA:108,0
DA:109,0
DA:115,0
DA:117,0
DA:118,0
DA:120,0
DA:123,0
DA:129,0
DA:131,0
DA:132,0
DA:134,0
DA:135,0
DA:137,0
DA:138,0
DA:139,0
DA:140,0
DA:146,0
DA:147,0
DA:148,0
DA:150,0
DA:153,0
DA:155,0
DA:156,0
DA:157,0
DA:159,0
DA:160,0
DA:161,0
DA:163,0
DA:167,0
DA:168,0
DA:169,0
DA:170,0
DA:171,0
DA:173,0
DA:176,0
DA:177,0
DA:178,0
DA:181,0
DA:184,0
DA:187,0
DA:188,0
DA:189,0
DA:190,0
DA:194,0
DA:198,0
DA:205,0
DA:206,0
DA:207,0
DA:208,0
DA:209,0
DA:210,0
DA:214,1
DA:215,3
DA:217,4
DA:221,3
DA:225,1
DA:226,1
DA:228,5
DA:229,2
DA:230,3
DA:233,3
DA:236,2
DA:238,1
DA:239,2
DA:240,1
DA:241,1
DA:245,1
DA:248,5
DA:249,2
DA:252,1
DA:253,1
DA:254,1
DA:255,1
DA:256,1
DA:257,1
DA:264,0
DA:270,0
DA:271,0
DA:273,0
DA:277,0
DA:283,0
DA:285,0
DA:286,0
DA:296,0
DA:297,0
DA:298,0
DA:300,0
DA:302,0
DA:304,0
DA:305,0
DA:306,0
DA:317,0
DA:318,0
DA:327,0
LF:125
LH:47
end_of_record
TN:
SF:/opt/pawan/crates/pawan-core/src/agent/backend/openai_compat.rs
FN:41,OpenAiCompatBackend::new
FN:50,OpenAiCompatBackend::supports_chat_template_kwargs
FN:57,OpenAiCompatBackend::supports_reasoning_effort
FN:65,OpenAiCompatBackend::thinking_kwargs
FN:79,OpenAiCompatBackend::supports_tool_use
FN:91,OpenAiCompatBackend::calculate_backoff_delay
FN:96,OpenAiCompatBackend::build_messages
FN:151,OpenAiCompatBackend::build_tools
FN:167,OpenAiCompatBackend::non_streaming
FN:187,OpenAiCompatBackend::streaming
FN:368,OpenAiCompatBackend::strip_think_from_str
FN:398,OpenAiCompatBackend::parse_response
FN:507,OpenAiCompatBackend::parse_mistral_tool_calls
FN:569,OpenAiCompatBackend::find_matching_bracket
FN:602,OpenAiCompatBackend::format_api_error
FN:632,OpenAiCompatBackend::parse_usage
FN:647,<impl LlmBackend for OpenAiCompatBackend>::generate
FNF:17
FNDA:2,OpenAiCompatBackend::new
FNDA:1,OpenAiCompatBackend::supports_chat_template_kwargs
FNDA:1,OpenAiCompatBackend::supports_reasoning_effort
FNDA:1,OpenAiCompatBackend::thinking_kwargs
FNDA:0,OpenAiCompatBackend::supports_tool_use
FNDA:1,OpenAiCompatBackend::calculate_backoff_delay
FNDA:1,OpenAiCompatBackend::build_messages
FNDA:0,OpenAiCompatBackend::build_tools
FNDA:0,OpenAiCompatBackend::non_streaming
FNDA:0,OpenAiCompatBackend::streaming
FNDA:1,OpenAiCompatBackend::strip_think_from_str
FNDA:1,OpenAiCompatBackend::parse_response
FNDA:1,OpenAiCompatBackend::parse_mistral_tool_calls
FNDA:1,OpenAiCompatBackend::find_matching_bracket
FNDA:1,OpenAiCompatBackend::format_api_error
FNDA:1,OpenAiCompatBackend::parse_usage
FNDA:0,<impl LlmBackend for OpenAiCompatBackend>::generate
DA:41,2
DA:43,2
DA:50,1
DA:51,1
DA:52,2
DA:57,1
DA:58,1
DA:59,2
DA:65,1
DA:66,1
DA:67,3
DA:68,2
DA:69,3
DA:70,2
DA:72,2
DA:79,0
DA:80,0
DA:82,0
DA:91,1
DA:92,1
DA:93,1
DA:94,1
DA:96,1
DA:97,1
DA:102,2
DA:103,1
DA:105,0
DA:108,2
DA:111,0
DA:112,0
DA:114,0
DA:117,0
DA:118,0
DA:123,0
DA:128,0
DA:136,0
DA:137,0
DA:140,0
DA:141,0
DA:148,1
DA:151,0
DA:154,0
DA:155,0
DA:160,0
DA:167,0
DA:168,0
DA:170,0
DA:171,0
DA:173,0
DA:174,0
DA:175,0
DA:176,0
DA:179,0
DA:181,0
DA:182,0
DA:184,0
DA:187,0
DA:192,0
DA:194,0
DA:195,0
DA:197,0
DA:198,0
DA:199,0
DA:200,0
DA:203,0
DA:204,0
DA:205,0
DA:206,0
DA:207,0
DA:209,0
DA:212,0
DA:213,0
DA:215,0
DA:216,0
DA:217,0
DA:219,0
DA:220,0
DA:221,0
DA:222,0
DA:223,0
DA:227,0
DA:228,0
DA:230,0
DA:231,0
DA:234,0
DA:235,0
DA:236,0
DA:237,0
DA:238,0
DA:239,0
DA:241,0
DA:245,0
DA:246,0
DA:247,0
DA:249,0
DA:252,0
DA:255,0
DA:256,0
DA:257,0
DA:258,0
DA:259,0
DA:262,0
DA:263,0
DA:264,0
DA:265,0
DA:266,0
DA:270,0
DA:272,0
DA:274,0
DA:275,0
DA:278,0
DA:280,0
DA:283,0
DA:287,0
DA:288,0
DA:295,0
DA:298,0
DA:306,0
DA:307,0
DA:308,0
DA:314,0
DA:315,0
DA:317,0
DA:318,0
DA:319,0
DA:320,0
DA:322,0
DA:325,0
DA:326,0
DA:330,0
DA:334,0
DA:335,0
DA:338,0
DA:339,0
DA:343,0
DA:346,0
DA:349,0
DA:350,0
DA:351,0
DA:352,0
DA:354,0
DA:357,0
DA:358,0
DA:359,0
DA:360,0
DA:361,0
DA:368,1
DA:369,1
DA:371,2
DA:372,2
DA:373,1
DA:374,1
DA:375,1
DA:376,1
DA:377,3
DA:378,2
DA:380,2
DA:382,5
DA:383,2
DA:384,3
DA:385,1
DA:386,2
DA:387,0
DA:389,2
DA:395,1
DA:398,1
DA:399,2
DA:401,3
DA:402,1
DA:404,3
DA:406,4
DA:408,1
DA:410,1
DA:414,3
DA:416,1
DA:418,1
DA:421,3
DA:425,2
DA:426,0
DA:429,0
DA:433,0
DA:436,0
DA:440,0
DA:443,0
DA:444,0
DA:445,0
DA:446,0
DA:448,0
DA:451,0
DA:452,0
DA:453,0
DA:455,0
DA:457,0
DA:458,0
DA:466,3
DA:467,1
DA:473,3
DA:474,1
DA:475,1
DA:476,1
DA:479,2
DA:481,0
DA:482,0
DA:483,0
DA:485,0
DA:486,0
DA:488,0
DA:491,1
DA:492,1
DA:493,1
DA:494,1
DA:495,1
DA:507,1
DA:509,1
DA:510,1
DA:513,2
DA:516,1
DA:517,1
DA:518,1
DA:519,2
DA:520,1
DA:522,2
DA:523,1
DA:524,2
DA:525,1
DA:527,2
DA:528,1
DA:529,2
DA:530,1
DA:531,1
DA:535,2
DA:536,1
DA:543,2
DA:544,1
DA:545,2
DA:547,1
DA:548,3
DA:549,1
DA:550,1
DA:551,1
DA:552,1
DA:553,2
DA:554,3
DA:555,2
DA:556,1
DA:557,1
DA:564,1
DA:569,1
DA:570,1
DA:571,1
DA:572,1
DA:573,2
DA:574,1
DA:575,0
DA:578,1
DA:579,0
DA:582,1
DA:583,1
DA:586,1
DA:589,2
DA:590,2
DA:591,1
DA:592,1
DA:593,1
DA:594,1
DA:598,1
DA:602,1
DA:604,1
DA:606,2
DA:608,1
DA:609,3
DA:610,3
DA:611,1
DA:612,5
DA:613,5
DA:616,2
DA:617,1
DA:618,1
DA:619,1
DA:620,1
DA:621,2
DA:622,1
DA:625,1
DA:626,1
DA:627,3
DA:628,2
DA:632,1
DA:633,1
DA:634,3
DA:635,1
DA:636,3
DA:638,3
DA:647,0
DA:653,0
DA:654,0
DA:656,0
DA:662,0
DA:666,0
DA:667,0
DA:674,0
DA:675,0
DA:676,0
DA:678,0
DA:680,0
DA:681,0
DA:682,0
DA:685,0
DA:688,0
DA:689,0
DA:690,0
DA:691,0
DA:692,0
DA:697,0
DA:698,0
DA:699,0
DA:700,0
DA:703,0
DA:704,0
DA:706,0
DA:707,0
DA:708,0
DA:710,0
DA:711,0
DA:714,0
DA:715,0
DA:716,0
DA:717,0
DA:719,0
DA:721,0
DA:722,0
DA:723,0
DA:724,0
DA:725,0
DA:728,0
DA:729,0
DA:733,0
DA:734,0
DA:735,0
DA:738,0
DA:741,0
DA:742,0
DA:744,0
DA:745,0
DA:748,0
DA:749,0
DA:750,0
DA:761,0
DA:762,0
DA:763,0
DA:765,0
DA:767,0
DA:769,0
DA:770,0
DA:771,0
DA:782,0
DA:784,0
DA:785,0
DA:786,0
DA:794,0
DA:796,0
DA:797,0
DA:798,0
DA:799,0
DA:800,0
DA:801,0
DA:807,0
DA:816,0
DA:823,0
DA:824,0
DA:828,0
LF:370
LH:146
end_of_record
TN:
SF:/opt/pawan/crates/pawan-core/src/agent/events.rs
FN:137,AgentEvent::turn_start
FN:148,AgentEvent::thinking_delta
FN:156,AgentEvent::tool_approval
FN:166,AgentEvent::tool_start
FN:175,AgentEvent::tool_complete
FN:186,AgentEvent::turn_end
FN:196,AgentEvent::session_end
FNF:7
FNDA:1,AgentEvent::turn_start
FNDA:1,AgentEvent::thinking_delta
FNDA:1,AgentEvent::tool_approval
FNDA:1,AgentEvent::tool_start
FNDA:1,AgentEvent::tool_complete
FNDA:1,AgentEvent::turn_end
FNDA:1,AgentEvent::session_end
DA:137,1
DA:138,1
DA:139,1
DA:140,3
DA:141,1
DA:142,1
DA:143,1
DA:148,1
DA:149,1
DA:150,1
DA:156,1
DA:157,1
DA:158,1
DA:159,1
DA:160,1
DA:166,1
DA:167,1
DA:168,1
DA:169,1
DA:170,1
DA:175,1
DA:176,1
DA:177,1
DA:178,1
DA:179,1
DA:186,1
DA:187,1
DA:188,1
DA:196,1
DA:197,1
DA:198,1
DA:201,1
LF:32
LH:32
end_of_record
TN:
SF:/opt/pawan/crates/pawan-core/src/agent/git_session.rs
FN:35,GitSessionStore::init
FN:50,GitSessionStore::open
FN:54,GitSessionStore::default_path
FN:59,GitSessionStore::sig
FN:65,GitSessionStore::commit_message
FN:79,GitSessionStore::save_commit
FN:121,GitSessionStore::load_commit
FN:130,GitSessionStore::fork
FN:135,GitSessionStore::list_leaves
FN:160,GitSessionStore::lineage
FN:177,GitSessionStore::children
FN:198,GitSessionStore::list_sessions
FN:215,GitSessionStore::all_oids
FN:242,GitSessionStore::info
FN:258,GitSessionStore::session_meta
FN:267,GitSessionStore::session_from_commit
FNF:16
FNDA:0,GitSessionStore::init
FNDA:0,GitSessionStore::open
FNDA:0,GitSessionStore::default_path
FNDA:1,GitSessionStore::sig
FNDA:1,GitSessionStore::commit_message
FNDA:1,GitSessionStore::save_commit
FNDA:1,GitSessionStore::load_commit
FNDA:1,GitSessionStore::fork
FNDA:1,GitSessionStore::list_leaves
FNDA:1,GitSessionStore::lineage
FNDA:1,GitSessionStore::children
FNDA:1,GitSessionStore::list_sessions
FNDA:1,GitSessionStore::all_oids
FNDA:1,GitSessionStore::info
FNDA:1,GitSessionStore::session_meta
FNDA:1,GitSessionStore::session_from_commit
DA:35,0
DA:36,0
DA:37,0
DA:38,0
DA:39,0
DA:41,0
DA:42,0
DA:43,0
DA:44,0
DA:46,0
DA:50,0
DA:54,0
DA:55,0
DA:56,0
DA:59,1
DA:60,1
DA:61,1
DA:65,1
DA:66,1
DA:70,3
DA:71,2
DA:72,1
DA:73,2
DA:75,3
DA:79,1
DA:80,2
DA:81,1
DA:83,3
DA:84,1
DA:86,2
DA:87,1
DA:88,2
DA:89,2
DA:90,2
DA:91,1
DA:92,2
DA:93,1
DA:95,2
DA:96,1
DA:98,1
DA:99,1
DA:100,2
DA:101,1
DA:102,2
DA:103,1
DA:105,2
DA:107,2
DA:109,3
DA:110,1
DA:113,1
DA:114,3
DA:115,2
DA:117,1
DA:121,1
DA:122,3
DA:123,4
DA:124,2
DA:125,1
DA:126,1
DA:130,1
DA:131,1
DA:135,1
DA:136,1
DA:137,1
DA:139,2
DA:140,3
DA:141,2
DA:142,2
DA:147,1
DA:148,2
DA:149,2
DA:150,2
DA:151,2
DA:155,3
DA:156,1
DA:160,1
DA:161,2
DA:162,1
DA:163,1
DA:166,2
DA:167,1
DA:168,2
DA:169,1
DA:170,2
DA:171,1
DA:173,1
DA:177,1
DA:178,2
DA:179,1
DA:180,1
DA:181,1
DA:183,2
DA:184,3
DA:185,2
DA:186,2
DA:187,2
DA:188,2
DA:194,1
DA:198,1
DA:199,1
DA:200,3
DA:201,3
DA:202,2
DA:203,3
DA:204,2
DA:209,1
DA:210,1
DA:215,1
DA:216,1
DA:217,1
DA:218,1
DA:220,3
DA:221,3
DA:222,2
DA:223,2
DA:228,1
DA:229,2
DA:230,1
DA:231,2
DA:232,2
DA:233,2
DA:234,0
DA:239,1
DA:242,1
DA:243,2
DA:244,1
DA:245,2
DA:246,2
DA:248,1
DA:249,2
DA:250,1
DA:251,2
DA:252,2
DA:254,1
DA:258,1
DA:259,1
DA:260,2
DA:261,2
DA:262,2
DA:263,1
DA:264,2
DA:267,1
DA:268,2
DA:269,1
DA:270,2
DA:271,1
DA:272,3
DA:273,1
DA:274,3
DA:275,1
DA:276,1
DA:277,1
LF:152
LH:137
end_of_record
TN:
SF:/opt/pawan/crates/pawan-core/src/agent/mod.rs
FN:209,probe_local_endpoint
FN:249,get_api_key_with_secure_fallback
FN:278,prompt_and_store_api_key
FN:355,load_arch_context
FN:381,PawanAgent::new
FN:412,PawanAgent::create_backend
FN:570,PawanAgent::try_create_ares_backend
FN:662,PawanAgent::with_tools
FN:668,PawanAgent::tools_mut
FN:673,PawanAgent::with_backend
FN:679,PawanAgent::history
FN:684,PawanAgent::save_session
FN:693,PawanAgent::resume_session
FN:706,PawanAgent::archive_to_eruka
FN:720,PawanAgent::history_snapshot_for_eruka
FN:741,PawanAgent::config
FN:746,PawanAgent::clear_history
FN:756,PawanAgent::prune_history
FN:816,PawanAgent::message_importance
FN:836,PawanAgent::add_message
FN:841,PawanAgent::switch_model
FN:849,PawanAgent::model_name
FN:854,PawanAgent::get_tool_definitions
FN:859,PawanAgent::execute
FN:865,PawanAgent::execute_with_callbacks
FN:877,PawanAgent::execute_with_all_callbacks
FN:1500,PawanAgent::execute_with_coordinator
FN:1582,PawanAgent::heal
FN:1640,PawanAgent::heal_with_retries
FN:1728,PawanAgent::task
FN:1751,PawanAgent::generate_commit_message
FN:1767,truncate_tool_result
FN:2494,summarize_args
FNF:33
FNDA:1,probe_local_endpoint
FNDA:2,get_api_key_with_secure_fallback
FNDA:0,prompt_and_store_api_key
FNDA:2,load_arch_context
FNDA:2,PawanAgent::new
FNDA:2,PawanAgent::create_backend
FNDA:1,PawanAgent::try_create_ares_backend
FNDA:1,PawanAgent::with_tools
FNDA:0,PawanAgent::tools_mut
FNDA:2,PawanAgent::with_backend
FNDA:2,PawanAgent::history
FNDA:0,PawanAgent::save_session
FNDA:1,PawanAgent::resume_session
FNDA:4,PawanAgent::archive_to_eruka
FNDA:1,PawanAgent::history_snapshot_for_eruka
FNDA:1,PawanAgent::config
FNDA:2,PawanAgent::clear_history
FNDA:2,PawanAgent::prune_history
FNDA:2,PawanAgent::message_importance
FNDA:2,PawanAgent::add_message
FNDA:1,PawanAgent::switch_model
FNDA:1,PawanAgent::model_name
FNDA:2,PawanAgent::get_tool_definitions
FNDA:4,PawanAgent::execute
FNDA:1,PawanAgent::execute_with_callbacks
FNDA:2,PawanAgent::execute_with_all_callbacks
FNDA:0,PawanAgent::execute_with_coordinator
FNDA:5,PawanAgent::heal
FNDA:0,PawanAgent::heal_with_retries
FNDA:0,PawanAgent::task
FNDA:0,PawanAgent::generate_commit_message
FNDA:2,truncate_tool_result
FNDA:0,summarize_args
DA:209,1
DA:222,1
DA:223,1
DA:224,1
DA:225,0
DA:227,1
DA:232,2
DA:234,2
DA:235,1
DA:236,0
DA:239,2
DA:249,2
DA:251,4
DA:252,2
DA:256,0
DA:257,0
DA:259,0
DA:260,0
DA:262,0
DA:263,0
DA:264,0
DA:265,0
DA:278,0
DA:279,0
DA:280,0
DA:281,0
DA:282,0
DA:283,0
DA:284,0
DA:292,0
DA:293,0
DA:296,0
DA:325,0
DA:326,0
DA:327,0
DA:330,0
DA:332,0
DA:333,0
DA:334,0
DA:336,0
DA:337,0
DA:338,0
DA:339,0
DA:344,0
DA:345,0
DA:355,2
DA:356,2
DA:357,2
DA:358,2
DA:360,2
DA:361,2
DA:363,4
DA:365,2
DA:367,3
DA:368,1
DA:369,1
DA:370,1
DA:372,1
DA:375,1
DA:381,2
DA:382,4
DA:383,2
DA:384,4
DA:385,4
DA:386,0
DA:388,2
DA:390,4
DA:395,2
DA:400,4
DA:412,2
DA:415,2
DA:416,0
DA:419,0
DA:420,0
DA:421,0
DA:426,0
DA:427,0
DA:428,0
DA:429,0
DA:430,0
DA:431,0
DA:432,0
DA:433,0
DA:434,0
DA:436,0
DA:437,0
DA:438,0
DA:442,0
DA:449,2
DA:450,1
DA:451,1
DA:453,0
DA:459,6
DA:461,4
DA:463,2
DA:464,6
DA:467,4
DA:470,6
DA:471,0
DA:473,2
DA:476,4
DA:477,0
DA:479,2
DA:482,0
DA:483,0
DA:484,0
DA:486,0
DA:487,0
DA:488,0
DA:490,0
DA:493,0
DA:497,0
DA:498,0
DA:499,0
DA:500,0
DA:506,4
DA:507,0
DA:509,0
DA:510,0
DA:511,0
DA:512,0
DA:515,0
DA:516,0
DA:517,0
DA:518,0
DA:521,0
DA:524,0
DA:525,0
DA:528,0
DA:529,0
DA:530,0
DA:531,0
DA:532,0
DA:536,6
DA:537,2
DA:538,2
DA:539,2
DA:540,2
DA:541,2
DA:542,2
DA:543,2
DA:546,4
DA:547,2
DA:548,2
DA:549,2
DA:553,0
DA:554,0
DA:556,0
DA:557,0
DA:558,0
DA:559,0
DA:560,0
DA:570,1
DA:581,1
DA:582,1
DA:583,1
DA:588,1
DA:590,1
DA:591,3
DA:592,2
DA:596,1
DA:601,0
DA:604,0
DA:605,0
DA:606,0
DA:610,0
DA:616,0
DA:619,0
DA:621,0
DA:623,0
DA:631,0
DA:637,2
DA:638,1
DA:646,0
DA:649,3
DA:655,2
DA:656,1
DA:657,1
DA:662,1
DA:663,2
DA:664,1
DA:668,0
DA:669,0
DA:673,2
DA:674,4
DA:675,2
DA:679,2
DA:680,2
DA:684,0
DA:685,0
DA:686,0
DA:687,0
DA:688,0
DA:689,0
DA:693,1
DA:694,2
DA:695,1
DA:696,1
DA:699,2
DA:700,1
DA:706,4
DA:707,1
DA:708,1
DA:710,0
DA:711,0
DA:712,0
DA:713,0
DA:714,0
DA:720,1
DA:721,1
DA:722,2
DA:723,1
DA:724,1
DA:725,1
DA:726,1
DA:727,1
DA:729,1
DA:730,1
DA:731,1
DA:732,1
DA:733,1
DA:737,1
DA:741,1
DA:746,2
DA:747,2
DA:756,2
DA:757,2
DA:758,2
DA:762,2
DA:763,2
DA:764,4
DA:765,4
DA:768,2
DA:770,4
DA:771,2
DA:775,8
DA:778,2
DA:779,4
DA:780,2
DA:781,1
DA:782,2
DA:783,1
DA:784,1
DA:786,4
DA:787,2
DA:788,2
DA:789,2
DA:790,2
DA:791,2
DA:792,3
DA:794,3
DA:796,1
DA:803,4
DA:804,2
DA:808,4
DA:809,2
DA:811,4
DA:816,2
DA:817,2
DA:818,1
DA:819,1
DA:821,6
DA:822,2
DA:825,4
DA:826,5
DA:827,1
DA:829,0
DA:836,2
DA:837,2
DA:841,1
DA:842,1
DA:843,1
DA:844,2
DA:845,2
DA:849,1
DA:850,1
DA:854,2
DA:855,2
DA:859,4
DA:860,3
DA:861,4
DA:865,1
DA:872,3
DA:873,4
DA:877,2
DA:886,2
DA:888,0
DA:889,0
DA:893,0
DA:897,2
DA:900,2
DA:901,0
DA:902,0
DA:908,0
DA:909,0
DA:910,0
DA:912,0
DA:913,0
DA:914,0
DA:918,0
DA:924,2
DA:925,0
DA:928,2
DA:931,4
DA:933,2
DA:934,2
DA:935,2
DA:938,2
DA:939,2
DA:940,2
DA:941,2
DA:945,4
DA:946,4
DA:947,2
DA:948,1
DA:955,4
DA:956,2
DA:957,0
DA:964,4
DA:965,2
DA:966,0
DA:968,0
DA:974,0
DA:975,0
DA:979,8
DA:980,2
DA:983,1
DA:984,0
DA:985,0
DA:986,0
DA:989,2
DA:994,6
DA:995,6
DA:996,6
DA:998,2
DA:999,2
DA:1000,6
DA:1001,6
DA:1005,4
DA:1010,2
DA:1011,2
DA:1012,2
DA:1014,2
DA:1015,7
DA:1016,2
DA:1017,0
DA:1018,0
DA:1019,0
DA:1020,0
DA:1021,0
DA:1022,0
DA:1023,0
DA:1024,0
DA:1025,0
DA:1026,0
DA:1027,0
DA:1029,0
DA:1030,0
DA:1031,0
DA:1037,0
DA:1040,0
DA:1041,0
DA:1042,0
DA:1043,0
DA:1044,0
DA:1045,0
DA:1048,0
DA:1054,0
DA:1057,0
DA:1059,0
DA:1062,0
DA:1063,0
DA:1066,0
DA:1068,0
DA:1069,0
DA:1070,0
DA:1071,0
DA:1080,2
DA:1081,0
DA:1082,0
DA:1083,0
DA:1084,0
DA:1085,0
DA:1088,0
DA:1089,0
DA:1100,0
DA:1101,0
DA:1102,0
DA:1113,4
DA:1115,4
DA:1116,4
DA:1117,2
DA:1118,2
DA:1119,0
DA:1120,0
DA:1121,0
DA:1122,0
DA:1127,2
DA:1130,2
DA:1133,4
DA:1134,2
DA:1135,4
DA:1136,4
DA:1137,2
DA:1138,2
DA:1139,2
DA:1140,2
DA:1141,4
DA:1142,0
DA:1146,0
DA:1148,0
DA:1149,0
DA:1150,0
DA:1152,0
DA:1154,0
DA:1155,0
DA:1156,0
DA:1162,2
DA:1163,2
DA:1164,3
DA:1165,1
DA:1166,0
DA:1167,0
DA:1168,0
DA:1170,0
DA:1171,0
DA:1172,0
DA:1174,0
DA:1176,0
DA:1177,0
DA:1178,0
DA:1185,4
DA:1187,2
DA:1188,2
DA:1189,2
DA:1194,2
DA:1195,0
DA:1196,0
DA:1197,0
DA:1199,0
DA:1203,2
DA:1204,2
DA:1205,2
DA:1206,2
DA:1207,2
DA:1211,4
DA:1213,2
DA:1214,2
DA:1215,2
DA:1218,6
DA:1220,4
DA:1224,2
DA:1226,2
DA:1227,1
DA:1230,2
DA:1231,4
DA:1232,3
DA:1233,3
DA:1234,1
DA:1235,2
DA:1237,0
DA:1238,0
DA:1239,0
DA:1240,0
DA:1242,0
DA:1243,0
DA:1244,0
DA:1247,1
DA:1250,0
DA:1252,0
DA:1254,0
DA:1255,0
DA:1256,0
DA:1257,0
DA:1259,0
DA:1260,0
DA:1261,0
DA:1265,0
DA:1268,2
DA:1270,3
DA:1272,1
DA:1273,1
DA:1274,1
DA:1275,2
DA:1280,1
DA:1281,0
DA:1283,1
DA:1285,2
DA:1287,1
DA:1288,1
DA:1289,1
DA:1290,1
DA:1291,2
DA:1299,2
DA:1300,0
DA:1304,0
DA:1317,4
DA:1318,4
DA:1319,8
DA:1321,2
DA:1322,2
DA:1325,4
DA:1326,0
DA:1335,4
DA:1338,2
DA:1339,6
DA:1340,2
DA:1341,1
DA:1342,0
DA:1344,0
DA:1347,0
DA:1348,0
DA:1354,0
DA:1356,0
DA:1357,0
DA:1358,0
DA:1359,0
DA:1363,0
DA:1364,0
DA:1370,0
DA:1371,0
DA:1372,0
DA:1373,0
DA:1377,0
DA:1378,0
DA:1384,2
DA:1390,4
DA:1392,4
DA:1393,2
DA:1395,4
DA:1397,7
DA:1398,2
DA:1399,0
DA:1400,0
DA:1404,4
DA:1406,4
DA:1407,1
DA:1408,2
DA:1409,6
DA:1410,4
DA:1415,2
DA:1416,4
DA:1420,2
DA:1421,2
DA:1422,2
DA:1423,2
DA:1428,2
DA:1429,0
DA:1432,2
DA:1434,4
DA:1436,2
DA:1437,2
DA:1438,2
DA:1439,2
DA:1440,2
DA:1447,2
DA:1448,0
DA:1449,0
DA:1450,0
DA:1452,0
DA:1453,0
DA:1454,0
DA:1457,0
DA:1459,0
DA:1460,0
DA:1461,0
DA:1462,0
DA:1464,0
DA:1465,0
DA:1466,0
DA:1468,0
DA:1472,0
DA:1473,0
DA:1477,0
DA:1479,0
DA:1480,0
DA:1500,0
DA:1502,0
DA:1505,0
DA:1506,0
DA:1507,0
DA:1511,0
DA:1512,0
DA:1513,0
DA:1515,0
DA:1516,0
DA:1517,0
DA:1521,0
DA:1526,0
DA:1527,0
DA:1530,0
DA:1535,0
DA:1537,0
DA:1542,0
DA:1543,0
DA:1544,0
DA:1548,0
DA:1551,0
DA:1554,0
DA:1555,0
DA:1556,0
DA:1557,0
DA:1560,0
DA:1562,0
DA:1563,0
DA:1564,0
DA:1565,0
DA:1569,0
DA:1570,0
DA:1571,0
DA:1572,0
DA:1574,0
DA:1578,0
DA:1582,5
DA:1584,2
DA:1585,1
DA:1588,3
DA:1589,3
DA:1591,1
DA:1595,2
DA:1598,2
DA:1599,3
DA:1603,2
DA:1604,1
DA:1608,2
DA:1609,0
DA:1613,0
DA:1614,0
DA:1618,2
DA:1619,0
DA:1623,1
DA:1626,2
DA:1640,0
DA:1643,0
DA:1645,0
DA:1647,0
DA:1649,0
DA:1650,0
DA:1651,0
DA:1653,0
DA:1656,0
DA:1659,0
DA:1660,0
DA:1661,0
DA:1662,0
DA:1667,0
DA:1669,0
DA:1671,0
DA:1672,0
DA:1679,0
DA:1682,0
DA:1687,0
DA:1692,0
DA:1695,0
DA:1696,0
DA:1697,0
DA:1699,0
DA:1700,0
DA:1702,0
DA:1703,0
DA:1709,0
DA:1712,0
DA:1714,0
DA:1715,0
DA:1719,0
DA:1720,0
DA:1724,0
DA:1725,0
DA:1728,0
DA:1729,0
DA:1744,0
DA:1747,0
DA:1751,0
DA:1752,0
DA:1759,0
DA:1760,0
DA:1767,2
DA:1768,4
DA:1769,4
DA:1770,2
DA:1774,1
DA:1775,1
DA:1776,1
DA:1777,2
DA:1778,3
DA:1779,2
DA:1780,2
DA:1782,1
DA:1783,2
DA:1784,1
DA:1785,1
DA:1790,1
DA:1792,1
DA:1794,2
DA:1795,2
DA:1796,3
DA:1798,2
DA:1800,1
DA:1801,1
DA:1802,4
DA:1803,2
DA:1804,2
DA:1805,1
DA:1806,2
DA:1809,1
DA:1811,1
DA:1813,0
DA:2494,0
DA:2495,0
DA:2496,0
DA:2497,0
DA:2498,0
DA:2499,0
DA:2500,0
DA:2501,0
DA:2503,0
DA:2504,0
DA:2505,0
DA:2507,0
DA:2508,0
DA:2509,0
DA:2510,0
DA:2511,0
DA:2512,0
DA:2514,0
DA:2517,0
DA:2519,0
DA:2520,0
DA:2522,0
DA:2524,0
DA:2526,0
DA:2528,0
DA:2529,0
DA:2530,0
DA:2532,0
DA:2535,0
DA:2536,0
DA:2538,0
LF:738
LH:355
end_of_record
TN:
SF:/opt/pawan/crates/pawan-core/src/agent/preflight.rs
FN:6,super::PawanAgent::preflight_check
FNF:1
FNDA:4,super::PawanAgent::preflight_check
DA:6,4
DA:7,3
DA:9,1
DA:10,1
DA:11,1
DA:13,1
DA:14,4
DA:15,1
DA:16,1
LF:9
LH:9
end_of_record
TN:
SF:/opt/pawan/crates/pawan-core/src/agent/session.rs
FN:37,Session::new
FN:42,Session::new_with_id
FN:58,Session::new_with_tags
FN:75,Session::new_with_notes
FN:92,Session::sessions_dir
FN:103,Session::save
FN:115,Session::load
FN:128,Session::add_tag
FN:138,Session::remove_tag
FN:149,Session::clear_tags
FN:154,Session::has_tag
FN:162,Session::sanitize_tag
FN:182,Session::from_json_file
FN:197,Session::list
FN:491,SearchOptions::new
FN:502,SearchOptions::with_role
FN:508,SearchOptions::with_date_range
FN:515,SearchOptions::with_max_matches
FN:521,SearchOptions::with_context_window
FN:539,search_sessions_with_options
FN:642,search_sessions
FN:647,prune_sessions
FNF:22
FNDA:3,Session::new
FNDA:1,Session::new_with_id
FNDA:4,Session::new_with_tags
FNDA:1,Session::new_with_notes
FNDA:4,Session::sessions_dir
FNDA:4,Session::save
FNDA:4,Session::load
FNDA:2,Session::add_tag
FNDA:1,Session::remove_tag
FNDA:1,Session::clear_tags
FNDA:1,Session::has_tag
FNDA:2,Session::sanitize_tag
FNDA:1,Session::from_json_file
FNDA:3,Session::list
FNDA:2,SearchOptions::new
FNDA:1,SearchOptions::with_role
FNDA:1,SearchOptions::with_date_range
FNDA:1,SearchOptions::with_max_matches
FNDA:1,SearchOptions::with_context_window
FNDA:2,search_sessions_with_options
FNDA:2,search_sessions
FNDA:2,prune_sessions
DA:37,3
DA:38,3
DA:42,1
DA:43,2
DA:46,1
DA:47,1
DA:49,1
DA:53,1
DA:58,4
DA:59,8
DA:60,4
DA:63,4
DA:64,4
DA:66,4
DA:70,4
DA:75,1
DA:76,2
DA:77,1
DA:80,1
DA:81,1
DA:83,1
DA:86,1
DA:92,4
DA:93,4
DA:94,4
DA:95,4
DA:96,4
DA:97,2
DA:99,4
DA:103,4
DA:104,4
DA:105,4
DA:106,8
DA:107,8
DA:108,4
DA:109,8
DA:110,4
DA:111,4
DA:115,4
DA:116,4
DA:117,8
DA:118,8
DA:119,2
DA:121,8
DA:122,4
DA:123,8
DA:124,4
DA:128,2
DA:129,2
DA:130,4
DA:131,0
DA:133,2
DA:134,2
DA:138,1
DA:139,1
DA:140,4
DA:141,2
DA:142,1
DA:144,0
DA:149,1
DA:150,1
DA:154,1
DA:155,1
DA:156,1
DA:157,0
DA:162,2
DA:163,2
DA:164,2
DA:165,0
DA:167,2
DA:168,0
DA:173,6
DA:175,4
DA:176,0
DA:178,2
DA:182,1
DA:183,2
DA:184,1
DA:185,3
DA:186,1
DA:190,2
DA:191,1
DA:193,1
DA:197,3
DA:198,3
DA:199,3
DA:201,9
DA:202,9
DA:203,3
DA:204,12
DA:205,6
DA:206,12
DA:207,3
DA:208,3
DA:209,3
DA:210,3
DA:211,3
DA:212,3
DA:213,3
DA:214,3
DA:222,7
DA:223,3
DA:491,2
DA:502,1
DA:503,1
DA:504,1
DA:508,1
DA:509,1
DA:510,1
DA:511,1
DA:515,1
DA:516,1
DA:517,1
DA:521,1
DA:522,1
DA:523,1
DA:539,2
DA:540,2
DA:541,2
DA:542,2
DA:544,6
DA:545,6
DA:546,2
DA:547,8
DA:548,4
DA:549,8
DA:551,2
DA:552,0
DA:553,0
DA:554,0
DA:555,0
DA:556,0
DA:558,0
DA:559,0
DA:560,0
DA:567,2
DA:568,4
DA:570,3
DA:571,2
DA:576,4
DA:578,2
DA:579,6
DA:580,5
DA:581,2
DA:583,2
DA:586,4
DA:587,2
DA:590,2
DA:591,4
DA:592,4
DA:595,2
DA:597,2
DA:598,4
DA:599,2
DA:602,2
DA:604,2
DA:605,2
DA:606,2
DA:607,2
DA:608,2
DA:614,4
DA:616,4
DA:617,4
DA:619,0
DA:622,2
DA:623,2
DA:624,2
DA:625,2
DA:626,2
DA:627,2
DA:628,2
DA:637,4
DA:638,2
DA:642,2
DA:643,2
DA:647,2
DA:648,2
DA:649,2
DA:651,6
DA:652,6
DA:653,4
DA:654,8
DA:655,4
DA:656,6
DA:657,4
DA:664,6
DA:666,2
DA:667,2
DA:670,4
DA:672,6
DA:673,6
DA:674,2
DA:678,2
DA:681,3
DA:682,2
DA:683,1
DA:684,2
DA:685,1
DA:691,2
DA:692,4
DA:693,4
DA:694,2
DA:699,4
DA:700,4
DA:701,2
DA:702,2
DA:706,2
LF:207
LH:192
end_of_record
TN:
SF:/opt/pawan/crates/pawan-core/src/bootstrap.rs
FN:82,BootstrapReport::all_ok
FN:91,BootstrapReport::installed_count
FN:99,BootstrapReport::already_installed_count
FN:107,BootstrapReport::summary
FN:134,mise_package_name
FN:144,binary_exists
FN:151,is_bootstrapped
FN:158,missing_deps
FN:174,marker_path
FN:182,ensure_deagle
FN:224,ensure_mise
FN:265,ensure_native_tool
FN:326,ensure_deps
FN:357,uninstall
FNF:14
FNDA:1,BootstrapReport::all_ok
FNDA:1,BootstrapReport::installed_count
FNDA:1,BootstrapReport::already_installed_count
FNDA:1,BootstrapReport::summary
FNDA:1,mise_package_name
FNDA:1,binary_exists
FNDA:1,is_bootstrapped
FNDA:1,missing_deps
FNDA:1,marker_path
FNDA:1,ensure_deagle
FNDA:1,ensure_mise
FNDA:1,ensure_native_tool
FNDA:1,ensure_deps
FNDA:1,uninstall
DA:82,1
DA:83,2
DA:85,1
DA:86,3
DA:91,1
DA:92,1
DA:94,3
DA:99,1
DA:100,1
DA:102,3
DA:107,1
DA:108,1
DA:109,1
DA:110,1
DA:113,3
DA:115,1
DA:116,1
DA:120,1
DA:121,1
DA:123,0
DA:134,1
DA:135,1
DA:136,2
DA:137,2
DA:138,2
DA:139,1
DA:144,1
DA:145,1
DA:151,1
DA:152,3
DA:158,1
DA:159,1
DA:160,2
DA:161,0
DA:163,2
DA:164,2
DA:165,0
DA:168,1
DA:174,1
DA:175,1
DA:176,3
DA:182,1
DA:183,1
DA:184,1
DA:185,1
DA:186,1
DA:190,0
DA:191,0
DA:194,0
DA:195,0
DA:196,0
DA:197,0
DA:198,0
DA:199,0
DA:201,0
DA:202,0
DA:207,0
DA:224,1
DA:225,1
DA:226,1
DA:227,1
DA:228,1
DA:233,0
DA:234,0
DA:235,0
DA:236,0
DA:237,0
DA:238,0
DA:242,0
DA:243,0
DA:246,0
DA:247,0
DA:248,0
DA:249,0
DA:250,0
DA:251,0
DA:253,0
DA:257,0
DA:265,1
DA:266,1
DA:267,1
DA:268,1
DA:269,1
DA:273,0
DA:274,0
DA:276,0
DA:277,0
DA:278,0
DA:279,0
DA:281,0
DA:282,0
DA:283,0
DA:288,0
DA:289,0
DA:290,0
DA:293,0
DA:294,0
DA:297,0
DA:298,0
DA:300,0
DA:302,0
DA:303,0
DA:304,0
DA:305,0
DA:307,0
DA:308,0
DA:313,0
DA:326,1
DA:327,1
DA:329,1
DA:330,0
DA:332,1
DA:333,0
DA:334,0
DA:337,1
DA:338,0
DA:343,2
DA:344,1
DA:345,2
DA:346,2
DA:348,2
DA:351,1
DA:357,1
DA:358,1
DA:359,2
DA:360,0
DA:361,0
DA:364,1
DA:365,0
DA:366,0
DA:368,0
DA:369,0
DA:370,0
DA:372,0
DA:377,1
LF:135
LH:69
end_of_record
TN:
SF:/opt/pawan/crates/pawan-core/src/compaction.rs
FN:27,<impl Default for CompactionStrategy>::default
FN:65,build_compaction_prompt
FN:183,compact_messages
FN:255,estimate_tokens_saved
FN:315,parse_compaction_summary
FN:458,summary_to_message
FNF:6
FNDA:1,<impl Default for CompactionStrategy>::default
FNDA:1,build_compaction_prompt
FNDA:1,compact_messages
FNDA:1,estimate_tokens_saved
FNDA:0,parse_compaction_summary
FNDA:0,summary_to_message
DA:27,1
DA:30,2
DA:65,1
DA:147,2
DA:148,1
DA:149,0
DA:150,1
DA:151,1
DA:152,0
DA:154,1
DA:157,1
DA:158,0
DA:159,0
DA:160,0
DA:165,1
DA:166,0
DA:170,1
DA:179,1
DA:183,1
DA:184,2
DA:185,1
DA:188,1
DA:189,1
DA:190,1
DA:191,1
DA:192,3
DA:193,1
DA:198,2
DA:199,2
DA:200,3
DA:203,3
DA:205,1
DA:206,1
DA:212,1
DA:213,1
DA:214,2
DA:215,0
DA:216,0
DA:223,4
DA:224,2
DA:226,1
DA:229,2
DA:230,4
DA:231,1
DA:236,2
DA:237,1
DA:238,1
DA:239,3
DA:240,1
DA:243,1
DA:244,1
DA:255,1
DA:257,1
DA:258,1
DA:315,0
DA:317,0
DA:318,0
DA:319,0
DA:320,0
DA:321,0
DA:322,0
DA:323,0
DA:324,0
DA:327,0
DA:328,0
DA:329,0
DA:330,0
DA:332,0
DA:333,0
DA:336,0
DA:337,0
DA:342,0
DA:343,0
DA:346,0
DA:347,0
DA:348,0
DA:353,0
DA:354,0
DA:355,0
DA:360,0
DA:361,0
DA:362,0
DA:363,0
DA:364,0
DA:365,0
DA:367,0
DA:368,0
DA:369,0
DA:370,0
DA:371,0
DA:372,0
DA:380,0
DA:381,0
DA:382,0
DA:383,0
DA:385,0
DA:386,0
DA:387,0
DA:390,0
DA:391,0
DA:392,0
DA:393,0
DA:394,0
DA:395,0
DA:396,0
DA:397,0
DA:401,0
DA:402,0
DA:403,0
DA:404,0
DA:405,0
DA:406,0
DA:407,0
DA:408,0
DA:412,0
DA:413,0
DA:414,0
DA:417,0
DA:418,0
DA:419,0
DA:422,0
DA:423,0
DA:424,0
DA:426,0
DA:427,0
DA:428,0
DA:436,0
DA:437,0
DA:438,0
DA:441,0
DA:442,0
DA:443,0
DA:448,0
DA:449,0
DA:451,0
DA:458,0
DA:459,0
DA:461,0
DA:462,0
DA:463,0
DA:465,0
DA:466,0
DA:467,0
DA:468,0
DA:469,0
DA:470,0
DA:472,0
DA:475,0
DA:476,0
DA:477,0
DA:478,0
DA:479,0
DA:480,0
DA:481,0
DA:482,0
DA:486,0
DA:487,0
DA:488,0
DA:489,0
DA:490,0
DA:491,0
DA:492,0
DA:493,0
DA:497,0
DA:498,0
DA:499,0
DA:500,0
DA:502,0
DA:505,0
DA:506,0
DA:507,0
DA:508,0
DA:509,0
DA:510,0
DA:512,0
DA:515,0
DA:516,0
DA:517,0
DA:519,0
DA:520,0
DA:521,0
DA:522,0
DA:529,0
LF:183
LH:46
end_of_record
TN:
SF:/opt/pawan/crates/pawan-core/src/config/mod.rs
FNF:0
DA:39,1
DA:41,1
DA:49,2
DA:73,2
DA:74,2
DA:76,2
DA:77,2
DA:81,1
DA:84,1
DA:85,3
DA:86,3
DA:87,1
DA:88,0
DA:89,0
DA:95,0
DA:100,1
DA:101,1
DA:112,1
DA:113,1
DA:114,1
DA:115,0
DA:127,1
DA:129,1
DA:132,1
DA:133,0
DA:139,3
DA:140,1
DA:150,0
DA:151,0
DA:152,0
DA:154,0
DA:155,0
DA:158,0
DA:159,0
DA:170,0
DA:171,0
DA:172,0
DA:175,0
DA:176,0
DA:179,0
DA:180,0
DA:366,1
DA:367,1
DA:370,2
DA:371,1
DA:373,3
DA:374,2
DA:379,2
DA:380,1
DA:382,3
DA:383,2
DA:388,2
DA:389,1
DA:391,3
DA:392,2
DA:396,1
DA:443,2
DA:444,2
DA:445,2
DA:449,6
DA:457,3
DA:458,3
DA:459,3
DA:460,6
DA:461,3
DA:462,3
DA:463,3
DA:469,3
DA:470,3
DA:476,3
DA:487,3
DA:489,3
DA:491,3
DA:492,3
DA:493,3
DA:495,3
DA:496,3
DA:545,3
DA:604,4
DA:607,4
DA:646,2
DA:647,2
DA:649,0
DA:650,0
DA:651,0
DA:655,0
DA:656,0
DA:657,0
DA:661,0
DA:662,0
DA:663,0
DA:664,0
DA:668,0
DA:671,2
DA:672,2
DA:673,7
DA:674,2
DA:678,8
DA:680,2
DA:681,0
DA:683,0
DA:688,2
DA:689,2
DA:691,0
DA:696,1
DA:700,2
DA:703,6
DA:704,1
DA:706,2
DA:712,2
DA:713,2
DA:714,0
DA:722,0
DA:723,0
DA:727,2
DA:730,0
DA:735,2
DA:736,4
DA:737,2
DA:739,3
DA:740,3
DA:741,1
DA:742,2
DA:743,3
DA:744,2
DA:745,0
DA:748,3
DA:749,4
DA:750,1
DA:753,3
DA:754,4
DA:755,1
DA:758,2
DA:759,0
DA:760,0
DA:763,2
DA:764,0
DA:765,0
DA:768,4
DA:769,12
DA:771,2
DA:772,0
DA:773,0
DA:779,1
DA:780,1
DA:785,2
DA:786,2
DA:789,6
DA:791,2
DA:793,4
DA:794,0
DA:797,2
DA:798,0
DA:801,2
DA:807,2
DA:808,4
DA:809,2
DA:810,4
DA:811,0
DA:812,0
DA:813,0
DA:818,2
DA:824,2
DA:827,2
DA:828,2
DA:829,2
DA:832,0
DA:833,0
DA:834,0
DA:835,0
DA:836,0
DA:837,0
DA:838,0
DA:840,0
DA:845,0
DA:846,0
DA:847,0
DA:858,2
DA:860,4
DA:861,2
DA:862,4
DA:863,2
DA:865,3
DA:869,2
DA:870,2
DA:871,2
DA:873,4
DA:877,4
DA:878,4
DA:879,2
DA:880,0
DA:884,2
DA:897,2
DA:898,2
DA:901,6
DA:902,4
DA:903,2
DA:904,2
DA:905,2
DA:906,4
DA:907,2
DA:911,2
DA:912,2
DA:916,6
DA:917,4
DA:918,2
DA:919,2
DA:920,2
DA:921,6
DA:922,2
DA:923,2
DA:924,2
DA:925,2
DA:927,2
DA:931,2
DA:932,2
DA:936,6
DA:937,0
DA:938,0
DA:939,0
DA:940,0
DA:941,0
DA:942,0
DA:946,0
DA:947,0
DA:950,2
DA:963,2
DA:966,2
DA:967,2
DA:968,1
DA:971,2
DA:972,4
DA:973,2
DA:974,0
DA:975,0
DA:976,0
DA:980,6
DA:981,2
DA:983,4
DA:984,4
DA:987,4
DA:988,2
DA:989,4
DA:990,2
DA:994,2
DA:995,2
DA:997,0
DA:998,0
DA:1003,4
DA:1004,2
DA:1009,2
DA:1010,2
DA:1011,4
DA:1012,2
DA:1013,2
DA:1014,2
DA:1015,2
LF:257
LH:183
end_of_record
TN:
SF:/opt/pawan/crates/pawan-core/src/coordinator/mod.rs
FN:66,<impl Default for ToolCallingConfig>::default
FN:91,<impl Display for FinishReason>::fmt
FN:142,ConversationMessage::system
FN:152,ConversationMessage::user
FN:162,ConversationMessage::assistant
FN:173,ConversationMessage::tool_result
FN:224,to_backend_message
FN:282,ToolCoordinator::new
FN:293,ToolCoordinator::execute
FN:311,ToolCoordinator::execute_with_history
FN:431,ToolCoordinator::execute_tool_calls
FN:442,ToolCoordinator::execute_parallel
FN:471,ToolCoordinator::execute_sequential
FN:495,ToolCoordinator::execute_single_tool
FNF:14
FNDA:1,<impl Default for ToolCallingConfig>::default
FNDA:1,<impl Display for FinishReason>::fmt
FNDA:1,ConversationMessage::system
FNDA:1,ConversationMessage::user
FNDA:2,ConversationMessage::assistant
FNDA:2,ConversationMessage::tool_result
FNDA:1,to_backend_message
FNDA:1,ToolCoordinator::new
FNDA:1,ToolCoordinator::execute
FNDA:1,ToolCoordinator::execute_with_history
FNDA:1,ToolCoordinator::execute_tool_calls
FNDA:1,ToolCoordinator::execute_parallel
FNDA:1,ToolCoordinator::execute_sequential
FNDA:4,ToolCoordinator::execute_single_tool
DA:66,1
DA:70,1
DA:91,1
DA:92,1
DA:93,1
DA:94,1
DA:95,1
DA:96,1
DA:142,1
DA:145,1
DA:146,1
DA:152,1
DA:155,1
DA:156,1
DA:162,2
DA:165,2
DA:173,2
DA:176,4
DA:177,2
DA:178,4
DA:224,1
DA:225,1
DA:226,0
DA:227,1
DA:228,1
DA:229,1
DA:232,2
DA:233,3
DA:234,1
DA:235,2
DA:239,1
DA:244,1
DA:245,1
DA:282,1
DA:293,1
DA:298,1
DA:299,1
DA:300,0
DA:302,2
DA:303,2
DA:311,1
DA:315,2
DA:316,1
DA:317,1
DA:319,3
DA:321,2
DA:325,5
DA:327,2
DA:328,4
DA:331,2
DA:332,2
DA:333,2
DA:334,2
DA:335,2
DA:336,2
DA:340,2
DA:341,1
DA:342,1
DA:346,1
DA:347,1
DA:348,1
DA:349,1
DA:350,1
DA:351,1
DA:352,1
DA:353,1
DA:358,3
DA:359,0
DA:360,0
DA:361,0
DA:362,0
DA:363,0
DA:364,0
DA:365,0
DA:370,2
DA:371,2
DA:372,1
DA:373,1
DA:374,1
DA:375,1
DA:376,2
DA:377,1
DA:378,1
DA:384,4
DA:387,1
DA:388,0
DA:389,0
DA:392,0
DA:395,0
DA:396,0
DA:397,0
DA:398,0
DA:399,0
DA:400,0
DA:401,0
DA:407,4
DA:408,2
DA:409,1
DA:414,1
DA:415,1
DA:416,1
DA:417,3
DA:418,1
DA:419,1
DA:420,1
DA:421,1
DA:422,1
DA:423,1
DA:431,1
DA:435,1
DA:436,3
DA:438,1
DA:442,1
DA:446,4
DA:447,3
DA:449,2
DA:450,3
DA:451,1
DA:452,1
DA:453,0
DA:454,0
DA:456,0
DA:457,0
DA:458,0
DA:459,0
DA:460,0
DA:461,0
DA:468,1
DA:471,1
DA:475,1
DA:476,4
DA:477,3
DA:478,1
DA:479,0
DA:480,0
DA:481,0
DA:482,0
DA:483,0
DA:484,0
DA:485,0
DA:492,1
DA:495,4
DA:496,2
DA:499,1
DA:500,2
DA:502,4
DA:504,2
DA:506,2
DA:507,2
DA:508,1
DA:509,1
DA:510,1
DA:511,1
DA:515,2
DA:516,1
DA:517,1
DA:518,1
DA:519,2
DA:523,1
DA:524,1
DA:525,1
DA:526,1
DA:527,2
LF:163
LH:129
end_of_record
TN:
SF:/opt/pawan/crates/pawan-core/src/credentials.rs
FN:30,<impl From for CredentialError>::from
FN:48,store_api_key
FN:64,get_api_key
FN:82,delete_api_key
FN:100,is_secure_store_available
FN:106,store_nvidia_api_key
FN:110,get_nvidia_api_key
FN:114,delete_nvidia_api_key
FN:119,store_openai_api_key
FN:123,get_openai_api_key
FN:127,delete_openai_api_key
FNF:11
FNDA:0,<impl From for CredentialError>::from
FNDA:0,store_api_key
FNDA:0,get_api_key
FNDA:0,delete_api_key
FNDA:0,is_secure_store_available
FNDA:0,store_nvidia_api_key
FNDA:0,get_nvidia_api_key
FNDA:0,delete_nvidia_api_key
FNDA:0,store_openai_api_key
FNDA:0,get_openai_api_key
FNDA:0,delete_openai_api_key
DA:30,0
DA:31,0
DA:32,0
DA:33,0
DA:34,0
DA:48,0
DA:49,0
DA:50,0
DA:51,0
DA:52,0
DA:64,0
DA:65,0
DA:67,0
DA:68,0
DA:69,0
DA:70,0
DA:82,0
DA:83,0
DA:85,0
DA:87,0
DA:88,0
DA:90,0
DA:91,0
DA:100,0
DA:101,0
DA:102,0
DA:106,0
DA:107,0
DA:110,0
DA:111,0
DA:114,0
DA:115,0
DA:119,0
DA:120,0
DA:123,0
DA:124,0
DA:127,0
DA:128,0
LF:38
LH:0
end_of_record
TN:
SF:/opt/pawan/crates/pawan-core/src/eruka_bridge.rs
FN:30,default_eruka_url
FNF:1
FNDA:3,default_eruka_url
DA:30,3
DA:31,3
DA:39,3
DA:42,3
DA:44,3
DA:78,1
DA:81,1
DA:86,1
DA:87,1
DA:91,0
DA:92,0
DA:93,0
DA:96,0
DA:97,0
DA:99,0
DA:100,0
DA:101,0
DA:102,0
DA:105,0
DA:106,0
DA:107,0
DA:110,0
DA:111,0
DA:112,0
DA:115,0
DA:116,0
DA:120,0
DA:121,0
DA:122,0
DA:124,0
DA:125,0
DA:126,0
DA:127,0
DA:131,0
DA:132,0
DA:136,0
DA:137,0
DA:138,0
DA:140,0
DA:148,0
DA:149,0
DA:155,0
DA:159,4
DA:160,1
DA:161,1
DA:164,0
DA:166,0
DA:167,0
DA:170,0
DA:171,0
DA:173,0
DA:175,0
DA:176,0
DA:177,0
DA:180,0
DA:184,0
DA:188,4
DA:189,1
DA:190,2
DA:193,0
DA:194,0
DA:195,0
DA:196,0
DA:197,0
DA:198,0
DA:199,0
DA:200,0
DA:203,0
DA:204,0
DA:205,0
DA:208,0
DA:209,0
DA:212,0
DA:213,0
DA:214,0
DA:215,0
DA:216,0
DA:217,0
DA:219,0
DA:228,1
DA:235,1
DA:236,1
DA:238,0
DA:239,0
DA:245,0
DA:246,0
DA:247,0
DA:248,0
DA:250,0
DA:251,0
DA:252,0
DA:253,0
DA:254,0
DA:256,0
DA:257,0
DA:258,0
DA:268,1
DA:274,1
DA:275,1
DA:278,0
DA:279,0
DA:280,0
DA:281,0
DA:282,0
DA:283,0
DA:292,4
DA:293,1
DA:294,1
DA:296,0
DA:297,0
DA:298,0
DA:300,0
DA:301,0
DA:304,0
DA:306,0
DA:307,0
DA:315,4
DA:316,1
DA:317,1
DA:321,0
DA:322,0
DA:326,0
DA:327,0
DA:328,0
DA:329,0
DA:331,0
DA:332,0
DA:333,0
DA:334,0
DA:335,0
DA:337,0
DA:338,0
DA:339,0
DA:344,0
DA:345,0
DA:349,0
DA:350,0
DA:351,0
DA:352,0
DA:354,0
DA:355,0
DA:356,0
DA:357,0
DA:358,0
DA:360,0
DA:361,0
DA:362,0
DA:366,0
DA:367,0
DA:370,0
DA:380,1
DA:385,1
DA:386,1
DA:389,0
DA:393,0
DA:394,0
DA:395,0
DA:396,0
DA:397,0
DA:400,0
DA:401,0
DA:402,0
DA:403,0
DA:404,0
DA:406,0
DA:407,0
DA:408,0
DA:412,0
DA:413,0
DA:414,0
DA:421,0
DA:422,0
DA:423,0
DA:425,0
DA:433,1
DA:438,1
DA:439,1
DA:442,0
DA:446,0
DA:447,0
DA:448,0
DA:449,0
DA:450,0
DA:453,0
DA:454,0
DA:455,0
DA:456,0
DA:457,0
DA:459,0
DA:460,0
DA:461,0
DA:465,0
DA:466,0
DA:467,0
DA:469,0
DA:473,0
DA:479,4
DA:480,1
DA:481,1
DA:485,2
DA:488,3
DA:489,1
DA:492,2
DA:495,3
DA:496,3
DA:499,2
DA:500,1
DA:503,0
DA:507,0
DA:508,0
DA:509,0
DA:510,0
DA:512,0
DA:515,0
DA:516,0
DA:517,0
DA:518,0
DA:519,0
DA:523,0
DA:524,0
DA:525,0
DA:526,0
DA:529,0
DA:530,0
DA:531,0
DA:532,0
DA:534,0
DA:537,0
DA:538,0
DA:542,0
LF:230
LH:44
end_of_record
TN:
SF:/opt/pawan/crates/pawan-core/src/handoff.rs
FN:23,<impl Default for HandoffConfig>::default
FN:82,generate_handoff_prompt
FN:109,extract_context
FN:169,extract_file_paths
FN:192,extract_constraints
FN:212,extract_tasks
FN:237,build_handoff_prompt
FNF:7
FNDA:1,<impl Default for HandoffConfig>::default
FNDA:1,generate_handoff_prompt
FNDA:1,extract_context
FNDA:1,extract_file_paths
FNDA:1,extract_constraints
FNDA:1,extract_tasks
FNDA:1,build_handoff_prompt
DA:23,1
DA:82,1
DA:91,1
DA:93,1
DA:94,1
DA:97,1
DA:99,1
DA:105,1
DA:109,1
DA:110,1
DA:111,1
DA:112,1
DA:113,1
DA:115,3
DA:116,1
DA:119,2
DA:120,2
DA:123,1
DA:126,1
DA:129,1
DA:132,1
DA:139,1
DA:140,2
DA:141,1
DA:142,1
DA:143,0
DA:146,1
DA:147,1
DA:148,0
DA:150,1
DA:152,2
DA:160,2
DA:164,1
DA:165,1
DA:169,1
DA:170,2
DA:172,1
DA:174,2
DA:175,1
DA:178,3
DA:179,1
DA:184,1
DA:185,0
DA:192,1
DA:193,2
DA:194,1
DA:197,2
DA:198,1
DA:199,1
DA:200,1
DA:201,1
DA:202,1
DA:203,1
DA:205,1
DA:206,1
DA:212,1
DA:213,2
DA:214,1
DA:217,2
DA:218,1
DA:219,1
DA:220,1
DA:221,1
DA:222,1
DA:223,1
DA:224,1
DA:225,1
DA:226,1
DA:227,1
DA:228,1
DA:230,1
DA:231,1
DA:237,1
DA:244,1
DA:247,2
DA:248,1
DA:251,1
DA:252,1
DA:253,1
DA:254,1
DA:255,1
DA:256,1
DA:259,1
DA:260,0
DA:261,0
DA:262,0
DA:264,0
DA:268,2
DA:269,0
DA:270,0
DA:271,0
DA:275,3
DA:276,2
DA:277,1
DA:278,2
DA:279,1
DA:280,2
DA:281,2
DA:283,1
DA:287,2
DA:288,2
DA:289,1
DA:290,2
DA:292,1
DA:293,0
DA:295,2
DA:299,2
DA:300,2
DA:301,1
DA:303,2
DA:304,1
DA:306,1
DA:307,1
DA:309,2
DA:313,2
DA:314,2
DA:315,1
DA:316,1
DA:317,1
DA:318,1
DA:319,0
DA:320,0
DA:322,1
DA:324,1
DA:328,2
DA:329,1
DA:331,1
LF:127
LH:114
end_of_record
TN:
SF:/opt/pawan/crates/pawan-core/src/healing/mod.rs
FN:17,run_cargo_command
FN:81,Diagnostic::fingerprint
FN:109,CompilerFixer::new
FN:123,CompilerFixer::parse_diagnostics
FN:147,CompilerFixer::parse_diagnostic_message
FN:235,CompilerFixer::parse_text_diagnostics
FN:318,CompilerFixer::check
FN:330,ClippyFixer::new
FN:335,ClippyFixer::check
FN:365,AuditFixer::new
FN:370,AuditFixer::check
FN:405,AuditFixer::parse_audit_json
FN:518,TestFixer::new
FN:523,TestFixer::check
FN:532,TestFixer::parse_test_output
FN:611,TestFixer::extract_module
FN:633,Healer::new
FN:653,Healer::get_diagnostics
FN:677,Healer::get_failed_tests
FN:686,Healer::count_issues
FN:717,Healer::format_diagnostics_for_prompt
FN:748,Healer::format_tests_for_prompt
FN:769,run_verify_cmd
FNF:23
FNDA:4,run_cargo_command
FNDA:1,Diagnostic::fingerprint
FNDA:2,CompilerFixer::new
FNDA:2,CompilerFixer::parse_diagnostics
FNDA:1,CompilerFixer::parse_diagnostic_message
FNDA:2,CompilerFixer::parse_text_diagnostics
FNDA:4,CompilerFixer::check
FNDA:2,ClippyFixer::new
FNDA:4,ClippyFixer::check
FNDA:2,AuditFixer::new
FNDA:0,AuditFixer::check
FNDA:1,AuditFixer::parse_audit_json
FNDA:2,TestFixer::new
FNDA:4,TestFixer::check
FNDA:2,TestFixer::parse_test_output
FNDA:1,TestFixer::extract_module
FNDA:2,Healer::new
FNDA:5,Healer::get_diagnostics
FNDA:4,Healer::get_failed_tests
FNDA:0,Healer::count_issues
FNDA:2,Healer::format_diagnostics_for_prompt
FNDA:1,Healer::format_tests_for_prompt
FNDA:4,run_verify_cmd
DA:17,4
DA:18,2
DA:19,1
DA:20,1
DA:21,1
DA:22,1
DA:23,1
DA:25,2
DA:28,1
DA:29,1
DA:31,4
DA:32,1
DA:33,1
DA:35,2
DA:36,2
DA:37,2
DA:81,1
DA:84,1
DA:85,1
DA:86,1
DA:87,1
DA:88,1
DA:89,1
DA:109,2
DA:123,2
DA:124,2
DA:127,4
DA:128,5
DA:129,2
DA:130,1
DA:131,1
DA:132,1
DA:139,4
DA:140,2
DA:143,2
DA:147,1
DA:148,1
DA:149,1
DA:152,3
DA:153,2
DA:154,3
DA:155,3
DA:156,1
DA:160,1
DA:161,1
DA:167,3
DA:168,3
DA:169,3
DA:172,2
DA:173,2
DA:174,1
DA:175,3
DA:176,1
DA:179,3
DA:182,3
DA:183,1
DA:184,1
DA:186,3
DA:187,3
DA:188,1
DA:190,3
DA:191,3
DA:192,1
DA:194,1
DA:200,3
DA:201,2
DA:202,2
DA:203,1
DA:204,1
DA:205,1
DA:207,3
DA:208,2
DA:209,1
DA:210,3
DA:212,1
DA:216,0
DA:218,0
DA:222,1
DA:223,1
DA:224,1
DA:225,1
DA:228,1
DA:229,1
DA:230,1
DA:235,2
DA:236,2
DA:237,2
DA:239,4
DA:241,8
DA:243,4
DA:244,4
DA:247,6
DA:248,2
DA:250,2
DA:256,10
DA:259,4
DA:260,4
DA:261,4
DA:262,4
DA:264,0
DA:267,2
DA:268,2
DA:269,2
DA:270,2
DA:273,2
DA:274,2
DA:275,2
DA:279,2
DA:280,4
DA:281,2
DA:283,2
DA:284,4
DA:285,2
DA:287,4
DA:288,2
DA:289,2
DA:291,1
DA:293,2
DA:294,1
DA:301,4
DA:302,2
DA:303,1
DA:304,1
DA:310,2
DA:311,4
DA:314,2
DA:318,4
DA:319,3
DA:320,2
DA:330,2
DA:335,4
DA:337,1
DA:340,2
DA:341,2
DA:342,3
DA:343,1
DA:365,2
DA:370,0
DA:371,0
DA:372,0
DA:373,0
DA:374,0
DA:375,0
DA:376,0
DA:380,0
DA:381,0
DA:382,0
DA:385,0
DA:386,0
DA:387,0
DA:389,0
DA:391,0
DA:392,0
DA:398,0
DA:399,0
DA:405,1
DA:406,1
DA:408,2
DA:409,1
[...]
DA:120,1
DA:121,1
DA:124,1
DA:125,1
DA:126,1
DA:127,2
DA:130,3
DA:131,1
DA:132,2
DA:134,2
DA:137,1
DA:138,1
DA:139,1
DA:141,1
DA:142,1
DA:145,1
DA:146,1
DA:149,1
DA:150,1
DA:151,2
DA:154,3
DA:155,1
DA:156,2
DA:159,1
DA:160,1
DA:163,2
DA:164,1
DA:165,3
DA:167,5
DA:168,3
DA:169,2
DA:170,2
DA:171,2
DA:173,1
DA:175,4
DA:176,1
DA:178,2
DA:182,4
DA:183,1
DA:185,4
DA:186,1
DA:187,1
DA:188,3
DA:189,3
DA:191,5
DA:192,3
DA:193,2
DA:194,2
DA:196,4
DA:197,1
DA:199,2
DA:204,4
DA:205,1
DA:207,2
DA:210,1
DA:211,3
DA:212,3
DA:214,5
DA:215,3
DA:216,2
DA:217,2
DA:218,2
DA:220,1
DA:222,4
DA:223,1
DA:225,2
DA:231,4
DA:232,1
DA:234,2
DA:236,1
DA:237,3
DA:238,3
DA:240,5
DA:241,3
DA:242,2
DA:243,2
DA:244,1
DA:245,1
DA:247,1
DA:249,4
DA:250,1
DA:252,2
DA:256,4
DA:257,1
DA:259,3
DA:260,3
DA:262,5
DA:263,3
DA:264,2
DA:265,1
DA:266,2
DA:269,1
DA:271,1
DA:273,4
DA:274,1
DA:276,2
DA:281,4
DA:282,1
DA:284,2
DA:285,2
DA:286,3
DA:293,3
DA:294,1
DA:307,1
DA:308,1
DA:311,1
DA:312,1
DA:313,3
DA:314,1
DA:315,1
DA:316,1
DA:317,3
DA:318,1
DA:320,2
DA:321,0
DA:322,2
DA:325,3
DA:328,3
DA:329,1
DA:331,1
DA:332,1
DA:333,1
DA:334,1
DA:335,1
DA:336,1
DA:337,2
DA:344,3
DA:345,1
DA:347,2
DA:348,1
DA:349,1
DA:350,1
DA:351,1
DA:352,2
DA:355,3
DA:356,1
DA:357,1
DA:359,1
DA:362,2
DA:364,1
DA:366,1
DA:367,1
DA:369,2
DA:370,1
DA:371,2
DA:374,3
DA:375,1
DA:376,1
DA:378,1
DA:381,2
DA:383,1
DA:384,3
DA:387,3
DA:388,1
DA:389,2
DA:391,1
DA:408,1
DA:410,1
DA:412,2
DA:413,1
DA:414,1
DA:415,1
DA:416,1
DA:417,1
DA:418,1
DA:419,1
DA:420,3
DA:423,3
DA:424,1
DA:427,2
DA:430,1
DA:431,2
DA:437,5
DA:438,3
DA:439,2
DA:440,1
DA:442,1
DA:445,3
DA:446,3
DA:448,5
DA:449,3
DA:450,2
DA:451,1
DA:453,1
DA:456,1
DA:458,1
DA:459,1
DA:460,1
DA:461,0
DA:463,1
DA:465,1
DA:467,2
DA:468,3
DA:470,5
DA:471,3
DA:472,2
DA:473,1
DA:475,1
DA:476,1
DA:479,2
DA:482,3
DA:483,2
DA:484,1
DA:485,2
DA:486,3
DA:493,3
DA:496,1
DA:498,1
DA:499,1
DA:500,1
DA:501,0
DA:503,2
DA:504,2
DA:506,2
DA:507,1
DA:508,2
DA:511,3
DA:514,2
DA:515,1
DA:516,1
DA:517,2
DA:518,0
DA:520,2
DA:521,2
DA:523,2
DA:524,1
DA:525,2
DA:532,5
DA:533,3
DA:536,2
DA:537,1
DA:539,2
DA:540,2
DA:541,2
DA:543,2
DA:545,2
DA:546,1
DA:547,2
DA:548,1
DA:549,2
DA:550,3
DA:553,5
DA:554,3
DA:558,2
DA:561,2
DA:563,1
DA:564,3
DA:566,2
DA:568,1
DA:569,1
DA:571,2
DA:572,2
DA:574,3
DA:576,2
DA:577,1
DA:578,1
DA:579,1
DA:580,2
DA:581,3
DA:584,5
DA:585,3
DA:588,2
DA:589,1
DA:591,2
DA:593,1
DA:594,2
DA:595,2
DA:597,3
DA:599,2
DA:600,1
DA:602,2
DA:604,2
DA:605,0
DA:606,3
DA:609,2
DA:610,3
DA:613,5
DA:614,3
DA:619,2
DA:620,1
DA:621,1
DA:623,2
DA:625,3
DA:626,2
DA:627,1
DA:628,1
DA:630,2
DA:631,2
DA:633,2
DA:636,2
DA:637,1
DA:638,3
DA:639,3
DA:642,5
DA:643,3
DA:646,2
DA:647,1
DA:649,1
DA:652,1
DA:653,2
DA:654,2
DA:656,2
DA:659,1
DA:661,2
DA:662,2
DA:663,2
DA:665,2
DA:668,2
DA:672,1
DA:673,0
DA:674,1
DA:680,1
DA:683,2
DA:684,2
DA:686,3
DA:690,0
DA:692,0
DA:695,0
DA:698,0
DA:699,0
DA:700,0
DA:701,0
DA:703,0
DA:706,0
DA:708,0
DA:709,0
DA:713,0
DA:715,0
DA:716,0
DA:717,0
DA:718,0
DA:719,0
DA:721,0
DA:722,0
DA:724,0
DA:726,0
DA:727,0
DA:732,3
DA:734,1
DA:735,2
DA:738,1
DA:739,4
DA:740,1
DA:741,1
DA:742,0
DA:743,1
DA:744,1
DA:747,1
DA:748,1
DA:749,1
DA:750,1
DA:751,1
DA:752,1
DA:753,1
DA:756,1
DA:759,1
DA:760,1
DA:761,1
DA:762,1
DA:763,1
DA:764,2
DA:770,5
DA:771,3
DA:774,2
DA:777,1
DA:778,2
DA:779,2
DA:781,1
DA:782,1
DA:784,3
DA:785,2
DA:786,1
DA:787,1
DA:789,2
DA:790,2
DA:792,3
DA:794,2
DA:797,1
DA:798,3
DA:799,1
DA:801,2
DA:804,2
DA:805,2
DA:806,1
DA:808,0
DA:809,2
DA:810,4
DA:814,3
DA:815,1
DA:816,1
DA:818,1
DA:819,1
DA:822,1
DA:823,1
DA:824,1
DA:827,1
DA:828,2
DA:833,3
DA:837,1
DA:838,1
DA:839,1
DA:840,2
DA:842,1
DA:843,1
DA:844,1
DA:845,0
DA:848,1
DA:849,1
DA:852,2
DA:853,2
DA:854,1
DA:855,1
DA:856,1
DA:857,1
DA:860,1
DA:861,2
DA:864,5
DA:865,3
DA:869,2
DA:870,1
DA:871,2
DA:873,3
DA:875,2
DA:876,1
DA:877,1
DA:879,2
DA:880,2
DA:882,2
DA:885,2
DA:886,2
DA:887,4
DA:890,5
DA:891,3
DA:895,2
DA:896,1
DA:897,2
DA:899,3
DA:901,2
DA:902,1
DA:903,1
DA:905,2
DA:906,2
DA:908,3
DA:911,2
DA:912,2
DA:913,4
DA:916,5
DA:917,3
DA:920,2
DA:921,1
DA:923,3
DA:924,2
DA:925,1
DA:926,1
DA:928,2
DA:929,2
DA:931,2
DA:934,2
DA:935,2
DA:936,4
DA:940,3
DA:945,1
DA:946,2
DA:947,1
DA:950,1
DA:951,2
DA:952,1
DA:953,1
DA:954,1
DA:955,1
DA:956,2
DA:963,5
DA:964,3
DA:968,2
DA:969,2
DA:971,1
DA:972,3
DA:975,1
DA:976,2
DA:977,3
DA:980,5
DA:981,3
DA:985,2
DA:986,2
DA:988,1
DA:989,2
DA:991,2
DA:992,1
DA:993,1
DA:994,1
DA:996,3
DA:997,2
DA:998,2
DA:999,0
DA:1000,3
DA:1003,5
DA:1004,3
DA:1008,2
DA:1009,2
DA:1010,3
DA:1013,1
DA:1014,1
DA:1015,1
DA:1016,1
DA:1017,1
DA:1018,2
DA:1019,3
DA:1022,5
DA:1023,3
DA:1027,2
DA:1028,2
DA:1029,1
DA:1030,3
DA:1032,2
DA:1033,1
DA:1034,1
DA:1035,2
DA:1036,3
DA:1042,3
DA:1043,1
DA:1044,1
DA:1046,2
DA:1050,3
DA:1051,1
DA:1052,1
DA:1054,2
DA:1055,2
DA:1058,2
DA:1059,1
DA:1060,3
DA:1064,3
DA:1065,1
DA:1069,1
DA:1070,1
DA:1071,2
DA:1077,3
DA:1078,1
DA:1079,1
DA:1080,1
DA:1083,1
DA:1085,1
DA:1086,2
DA:1087,2
DA:1093,3
DA:1094,1
DA:1095,2
DA:1096,2
DA:1100,3
DA:1101,1
DA:1102,2
DA:1104,1
DA:1105,2
DA:1106,1
DA:1108,1
DA:1109,2
DA:1110,2
DA:1114,3
DA:1116,1
DA:1117,1
DA:1121,2
DA:1122,2
DA:1126,3
DA:1127,1
DA:1128,1
DA:1129,1
DA:1130,2
DA:1132,1
DA:1133,2
DA:1134,2
DA:1138,3
DA:1139,1
DA:1140,1
DA:1141,2
DA:1143,1
DA:1144,1
DA:1146,2
DA:1148,2
DA:1152,3
DA:1153,1
DA:1154,1
DA:1155,1
DA:1159,1
DA:1163,3
DA:1164,1
DA:1165,1
DA:1168,1
DA:1169,2
DA:1170,2
DA:1171,1
DA:1173,1
DA:1174,1
DA:1177,1
DA:1178,1
DA:1179,1
DA:1182,1
DA:1185,1
DA:1186,1
DA:1188,1
DA:1189,2
DA:1191,1
DA:1192,2
DA:1195,2
DA:1196,1
DA:1197,1
DA:1198,1
DA:1199,2
DA:1203,3
DA:1204,1
DA:1205,2
DA:1207,2
DA:1209,1
DA:1210,2
DA:1212,1
DA:1213,2
DA:1216,1
DA:1217,2
DA:1223,3
DA:1227,1
DA:1228,2
DA:1229,2
DA:1230,1
DA:1231,1
DA:1232,2
DA:1233,1
DA:1235,0
DA:1236,1
DA:1238,1
DA:1240,1
DA:1241,1
DA:1242,2
DA:1246,3
DA:1247,1
DA:1248,1
DA:1249,2
DA:1251,1
DA:1253,2
DA:1254,2
DA:1257,2
DA:1258,2
DA:1260,2
DA:1264,3
DA:1267,1
DA:1268,1
DA:1270,2
DA:1271,2
DA:1273,2
DA:1279,3
DA:1280,1
DA:1281,2
DA:1283,1
DA:1285,0
DA:1286,2
DA:1288,0
DA:1290,2
DA:1291,0
DA:1292,2
DA:1297,2
DA:1301,3
DA:1302,1
DA:1303,2
DA:1305,1
DA:1307,2
DA:1308,3
DA:1312,3
DA:1313,1
DA:1314,2
DA:1317,1
DA:1318,2
DA:1319,2
DA:1323,3
DA:1324,1
DA:1325,2
DA:1327,1
DA:1328,0
DA:1329,2
DA:1331,0
DA:1333,3
DA:1342,2
DA:1353,2
LF:742
LH:697
end_of_record
TN:
SF:/opt/pawan/crates/pawan-core/tests/session_lifecycle.rs
FNF:0
DA:1,1
DA:12,4
DA:13,2
DA:14,1
DA:15,2
DA:16,2
DA:18,1
DA:19,2
DA:20,2
DA:22,1
DA:23,1
DA:24,1
DA:25,0
DA:26,1
DA:27,2
DA:28,2
DA:29,1
DA:30,1
DA:33,1
DA:36,1
DA:37,2
DA:39,0
DA:41,1
DA:42,3
DA:45,4
DA:46,2
DA:48,1
DA:49,2
DA:50,2
DA:51,1
DA:52,2
DA:54,2
DA:56,1
DA:57,1
DA:58,1
DA:59,0
DA:60,1
DA:62,2
DA:63,1
DA:64,1
DA:66,1
DA:68,1
DA:69,2
DA:71,0
DA:73,1
DA:74,3
DA:77,3
DA:78,1
DA:79,2
DA:80,2
DA:82,1
DA:83,1
DA:84,1
DA:85,0
DA:87,1
DA:89,2
DA:90,2
DA:91,2
DA:93,1
DA:94,2
DA:95,1
DA:96,1
DA:97,1
DA:98,2
DA:101,4
DA:102,2
DA:103,1
DA:104,2
DA:105,2
DA:107,1
DA:108,1
DA:109,1
DA:110,1
DA:111,2
DA:112,0
DA:113,1
DA:114,1
DA:115,2
DA:117,0
DA:118,2
DA:120,1
DA:121,2
DA:122,2
DA:123,0
DA:124,1
DA:125,2
DA:126,2
DA:127,1
DA:128,1
DA:129,1
DA:130,1
DA:131,1
DA:132,1
DA:133,1
DA:134,1
DA:135,1
DA:136,1
DA:138,1
DA:141,1
DA:142,2
DA:144,0
DA:146,1
DA:147,3
DA:151,0
DA:158,0
DA:161,4
DA:162,2
DA:163,1
DA:164,2
DA:165,2
DA:167,1
DA:168,2
DA:169,1
DA:170,1
DA:171,2
DA:172,1
DA:173,1
DA:174,2
DA:175,1
DA:177,1
DA:178,2
DA:180,0
DA:182,1
DA:183,3
DA:186,4
DA:187,2
DA:188,1
DA:189,2
DA:190,2
DA:192,1
DA:193,2
DA:194,1
DA:195,2
DA:196,1
DA:197,1
DA:198,2
DA:199,1
DA:201,1
DA:202,2
DA:203,1
DA:204,1
DA:205,2
DA:207,1
DA:208,2
DA:210,0
DA:212,1
DA:213,3
LF:147
LH:134
end_of_record
TN:
SF:/opt/pawan/crates/pawan-mcp/src/manager.rs
FNF:0
DA:48,4
DA:49,3
DA:50,1
DA:51,2
DA:53,1
DA:54,2
DA:58,4
DA:61,1
DA:62,3
DA:63,1
DA:64,0
DA:65,0
DA:70,0
DA:72,1
DA:73,3
DA:78,1
DA:81,4
DA:82,3
DA:83,1
DA:85,0
DA:88,3
DA:89,1
DA:92,0
DA:93,0
DA:94,0
DA:95,0
DA:99,2
DA:101,10
DA:102,3
DA:103,2
DA:104,0
DA:109,3
DA:110,2
DA:117,0
DA:118,0
DA:124,0
DA:125,0
DA:126,0
DA:127,0
DA:132,1
DA:133,1
DA:135,2
DA:136,0
DA:137,0
DA:138,0
DA:139,0
DA:143,1
DA:147,1
DA:148,1
DA:150,1
LF:50
LH:31
end_of_record
TN:
SF:/opt/pawan/crates/pawan-mcp/src/server.rs
FN:17,workspace_path
FN:23,create_agent
FN:42,<impl ToolHandler for RunHandler>::call
FN:72,<impl ToolHandler for TaskHandler>::call
FN:101,<impl ToolHandler for HealHandler>::call
FN:131,<impl ToolHandler for ReviewHandler>::call
FN:160,<impl ToolHandler for ExplainHandler>::call
FN:185,<impl ToolHandler for StatusHandler>::call
FN:205,build_server
FN:266,serve
FNF:10
FNDA:0,workspace_path
FNDA:0,create_agent
FNDA:0,<impl ToolHandler for RunHandler>::call
FNDA:0,<impl ToolHandler for TaskHandler>::call
FNDA:0,<impl ToolHandler for HealHandler>::call
FNDA:0,<impl ToolHandler for ReviewHandler>::call
FNDA:0,<impl ToolHandler for ExplainHandler>::call
FNDA:0,<impl ToolHandler for StatusHandler>::call
FNDA:0,build_server
FNDA:0,serve
DA:17,0
DA:19,0
DA:20,0
DA:23,0
DA:24,0
DA:25,0
DA:42,0
DA:43,0
DA:44,0
DA:45,0
DA:47,0
DA:48,0
DA:49,0
DA:53,0
DA:55,0
DA:72,0
DA:73,0
DA:74,0
DA:75,0
DA:77,0
DA:78,0
DA:79,0
DA:83,0
DA:85,0
DA:101,0
DA:102,0
DA:103,0
DA:104,0
DA:106,0
DA:107,0
DA:108,0
DA:112,0
DA:114,0
DA:131,0
DA:132,0
DA:133,0
DA:134,0
DA:136,0
DA:137,0
DA:141,0
DA:142,0
DA:143,0
DA:160,0
DA:161,0
DA:162,0
DA:163,0
DA:165,0
DA:166,0
DA:167,0
DA:168,0
DA:169,0
DA:185,0
DA:186,0
DA:187,0
DA:188,0
DA:190,0
DA:191,0
DA:192,0
DA:193,0
DA:197,0
DA:205,0
DA:206,0
DA:207,0
DA:209,0
DA:212,0
DA:213,0
DA:214,0
DA:215,0
DA:216,0
DA:217,0
DA:221,0
DA:222,0
DA:223,0
DA:224,0
DA:225,0
DA:226,0
DA:230,0
DA:231,0
DA:232,0
DA:233,0
DA:234,0
DA:238,0
DA:239,0
DA:240,0
DA:241,0
DA:242,0
DA:243,0
DA:247,0
DA:248,0
DA:249,0
DA:250,0
DA:251,0
DA:252,0
DA:256,0
DA:257,0
DA:258,0
DA:259,0
DA:260,0
DA:266,0
DA:267,0
DA:268,0
DA:270,0
DA:271,0
DA:272,0
LF:104
LH:0
end_of_record
TN:
SF:/opt/pawan/crates/pawan-mcp/src/thulp_bridge.rs
FN:48,ThulpMcpBridge::new
FN:70,<impl Tool for ThulpMcpBridge>::name
FN:74,<impl Tool for ThulpMcpBridge>::description
FN:78,<impl Tool for ThulpMcpBridge>::parameters_schema
FN:82,<impl Tool for ThulpMcpBridge>::execute
FN:104,namespaced_name
FNF:6
FNDA:1,ThulpMcpBridge::new
FNDA:1,<impl Tool for ThulpMcpBridge>::name
FNDA:1,<impl Tool for ThulpMcpBridge>::description
FNDA:1,<impl Tool for ThulpMcpBridge>::parameters_schema
FNDA:0,<impl Tool for ThulpMcpBridge>::execute
FNDA:1,namespaced_name
DA:48,1
DA:53,3
DA:54,2
DA:56,2
DA:59,2
DA:60,1
DA:62,1
DA:70,1
DA:71,1
DA:74,1
DA:75,1
DA:78,1
DA:79,1
DA:82,0
DA:83,0
DA:84,0
DA:85,0
DA:86,0
DA:87,0
DA:89,0
DA:90,0
DA:92,0
DA:94,0
DA:98,0
DA:104,1
DA:105,1
LF:26
LH:15
end_of_record
TN:
SF:/opt/pawan/crates/pawan-web/src/main.rs
FN:105,health_handler
FN:115,agents_handler
FN:124,read_aegis_peers
FN:155,models_handler
FN:173,chat_handler
FN:196,chat_stream_handler
FN:276,list_sessions_handler
FN:282,get_session_handler
FN:290,delete_session_handler
FN:298,create_session_handler
FN:308,main
FNF:11
FNDA:4,health_handler
FNDA:4,agents_handler
FNDA:1,read_aegis_peers
FNDA:4,models_handler
FNDA:0,chat_handler
FNDA:0,chat_stream_handler
FNDA:3,list_sessions_handler
FNDA:0,get_session_handler
FNDA:0,delete_session_handler
FNDA:3,create_session_handler
FNDA:0,main
DA:105,4
DA:106,1
DA:109,2
DA:110,1
DA:115,4
DA:117,1
DA:118,2
DA:124,1
DA:125,3
DA:126,1
DA:129,1
DA:130,1
DA:131,2
DA:133,0
DA:134,0
DA:135,0
DA:137,0
DA:138,0
DA:139,0
DA:141,0
DA:142,0
DA:143,0
DA:145,0
DA:146,0
DA:148,0
DA:149,0
DA:150,0
DA:152,0
DA:155,4
DA:156,3
DA:157,2
DA:158,2
DA:162,2
DA:163,0
DA:164,0
DA:165,0
DA:170,1
DA:173,0
DA:177,0
DA:179,0
DA:180,0
DA:181,0
DA:182,0
DA:185,0
DA:186,0
DA:187,0
DA:188,0
DA:189,0
DA:190,0
DA:192,0
DA:196,0
DA:200,0
DA:201,0
DA:202,0
DA:203,0
DA:205,0
DA:208,0
DA:209,0
DA:210,0
DA:213,0
DA:215,0
DA:216,0
DA:217,0
DA:219,0
DA:220,0
DA:221,0
DA:222,0
DA:223,0
DA:226,0
DA:227,0
DA:228,0
DA:229,0
DA:230,0
DA:233,0
DA:234,0
DA:235,0
DA:236,0
DA:240,0
DA:241,0
DA:242,0
DA:245,0
DA:246,0
DA:247,0
DA:249,0
DA:250,0
DA:251,0
DA:252,0
DA:253,0
DA:254,0
DA:258,0
DA:259,0
DA:260,0
DA:262,0
DA:263,0
DA:264,0
DA:265,0
DA:266,0
DA:267,0
DA:272,0
DA:273,0
DA:276,3
DA:277,1
DA:278,1
DA:279,1
DA:282,0
DA:285,0
DA:286,0
DA:287,0
DA:290,0
DA:293,0
DA:294,0
DA:295,0
DA:298,3
DA:299,2
DA:300,2
DA:308,0
DA:309,0
DA:311,0
DA:313,0
DA:314,0
DA:318,0
DA:319,0
DA:322,0
DA:323,0
DA:324,0
DA:325,0
DA:326,0
DA:330,0
DA:331,0
DA:333,0
DA:334,0
DA:337,0
DA:339,0
DA:340,0
DA:341,0
DA:342,0
DA:344,0
DA:345,0
DA:346,0
DA:347,0
DA:348,0
DA:349,0
DA:350,0
DA:351,0
DA:352,0
DA:353,0
DA:354,0
DA:355,0
DA:356,0
DA:358,0
DA:360,0
DA:363,0
DA:364,0
DA:367,0
DA:369,0
LF:155
LH:26
end_of_record
TN:
SF:/opt/pawan/crates/pawan-web/src/sessions.rs
FN:27,sessions_dir
FN:39,list_sessions
FN:101,get_session
FN:127,delete_session
FNF:4
FNDA:1,sessions_dir
FNDA:1,list_sessions
FNDA:0,get_session
FNDA:0,delete_session
DA:27,1
DA:28,1
DA:29,3
DA:39,1
DA:40,1
DA:41,2
DA:42,0
DA:45,1
DA:46,2
DA:48,3
DA:49,1
DA:50,4
DA:54,1
DA:56,3
DA:60,2
DA:61,1
DA:65,1
DA:66,2
DA:67,1
DA:68,1
DA:73,2
DA:75,3
DA:76,7
DA:79,1
DA:80,1
DA:81,1
DA:87,3
DA:88,1
DA:101,0
DA:102,0
DA:103,0
DA:104,0
DA:107,0
DA:108,0
DA:111,0
DA:112,0
DA:113,0
DA:127,0
DA:128,0
DA:129,0
DA:130,0
DA:132,0
LF:42
LH:27
end_of_record
TN:
SF:/opt/pawan/grind/avl_tree/src/lib.rs
FN:11,Node<K,V>::new
FN:14,Node<K,V>::height
FN:17,Node<K,V>::update_height
FN:20,Node<K,V>::balance_factor
FN:25,rotate_right
FN:34,rotate_left
FN:43,balance
FNF:7
FNDA:0,Node<K,V>::new
FNDA:0,Node<K,V>::height
FNDA:0,Node<K,V>::update_height
FNDA:0,Node<K,V>::balance_factor
FNDA:0,rotate_right
FNDA:0,rotate_left
FNDA:0,balance
DA:11,0
DA:12,0
DA:14,0
DA:15,0
DA:17,0
DA:18,0
DA:20,0
DA:21,0
DA:25,0
DA:26,0
DA:27,0
DA:28,0
DA:29,0
DA:30,0
DA:31,0
DA:34,0
DA:35,0
DA:36,0
DA:37,0
DA:38,0
DA:39,0
DA:40,0
DA:43,0
DA:44,0
DA:45,0
DA:46,0
DA:47,0
DA:48,0
DA:50,0
DA:52,0
DA:53,0
DA:54,0
DA:56,0
DA:58,0
DA:66,0
DA:67,0
DA:68,0
DA:69,0
DA:72,0
DA:73,0
DA:74,0
DA:75,0
DA:76,0
DA:77,0
DA:78,0
DA:79,0
DA:80,0
DA:82,0
DA:83,0
DA:84,0
DA:87,0
DA:92,0
DA:93,0
DA:94,0
DA:95,0
DA:96,0
DA:97,0
DA:98,0
DA:101,0
DA:104,0
DA:105,0
DA:106,0
DA:107,0
DA:108,0
DA:111,0
DA:112,0
DA:113,0
DA:114,0
DA:115,0
DA:116,0
DA:117,0
DA:119,0
DA:120,0
DA:121,0
DA:123,0
DA:124,0
DA:125,0
DA:126,0
DA:127,0
DA:128,0
DA:129,0
DA:130,0
DA:131,0
DA:132,0
DA:133,0
DA:134,0
DA:142,0
DA:143,0
DA:144,0
DA:145,0
DA:146,0
DA:147,0
DA:148,0
DA:149,0
DA:150,0
DA:151,0
LF:96
LH:0
end_of_record
TN:
SF:/opt/pawan/grind/bloom_filter/src/lib.rs
FNF:0
DA:20,0
DA:21,0
DA:22,0
DA:23,0
DA:27,0
DA:28,0
DA:29,0
DA:30,0
DA:34,0
DA:35,0
DA:36,0
DA:37,0
DA:38,0
LF:13
LH:0
end_of_record
TN:
SF:/opt/pawan/grind/leftist_heap/src/lib.rs
FN:16,Node<T>::singleton
FN:21,node_rank
FN:25,merge
FN:51,LeftistHeap<T>::new
FNF:4
FNDA:0,Node<T>::singleton
FNDA:0,node_rank
FNDA:0,merge
FNDA:0,LeftistHeap<T>::new
DA:16,0
DA:17,0
DA:21,0
DA:22,0
DA:25,0
DA:26,0
DA:27,0
DA:28,0
DA:30,0
DA:31,0
DA:34,0
DA:36,0
DA:37,0
DA:39,0
DA:40,0
DA:51,0
DA:58,0
DA:59,0
DA:60,0
DA:61,0
DA:64,0
DA:65,0
DA:66,0
DA:67,0
DA:68,0
DA:72,0
DA:73,0
LF:27
LH:0
end_of_record
TN:
SF:/opt/pawan/grind/lru_cache/src/lib.rs
FN:11,LruCache<K,V>::new
FN:19,LruCache<K,V>::get
FN:33,LruCache<K,V>::put
FNF:3
FNDA:0,LruCache<K,V>::new
FNDA:0,LruCache<K,V>::get
FNDA:0,LruCache<K,V>::put
DA:11,0
DA:14,0
DA:15,0
DA:19,0
DA:20,0
DA:21,0
DA:23,0
DA:24,0
DA:25,0
DA:27,0
DA:29,0
DA:33,0
DA:34,0
DA:36,0
DA:37,0
DA:38,0
DA:40,0
DA:43,0
DA:45,0
DA:47,0
DA:48,0
DA:50,0
DA:51,0
DA:53,0
LF:24
LH:0
end_of_record
TN:
SF:/opt/pawan/grind/pairing_heap/src/lib.rs
FN:12,merge
FNF:1
FNDA:0,merge
DA:12,0
DA:13,0
DA:14,0
DA:15,0
DA:16,0
DA:17,0
DA:19,0
DA:20,0
DA:35,0
DA:36,0
DA:37,0
DA:38,0
DA:41,0
DA:42,0
DA:45,0
DA:46,0
DA:47,0
DA:48,0
DA:50,0
DA:51,0
DA:53,0
DA:54,0
DA:55,0
DA:56,0
DA:57,0
DA:61,0
DA:62,0
LF:27
LH:0
end_of_record
TN:
SF:/opt/pawan/grind/segment_tree/src/lib.rs
FN:15,SegTree<T,F>::new
FN:24,SegTree<T,F>::build
FN:36,SegTree<T,F>::update
FN:41,SegTree<T,F>::update_rec
FN:56,SegTree<T,F>::query
FN:62,SegTree<T,F>::query_rec
FNF:6
FNDA:0,SegTree<T,F>::new
FNDA:0,SegTree<T,F>::build
FNDA:0,SegTree<T,F>::update
FNDA:0,SegTree<T,F>::update_rec
FNDA:0,SegTree<T,F>::query
FNDA:0,SegTree<T,F>::query_rec
DA:15,0
DA:16,0
DA:17,0
DA:18,0
DA:19,0
DA:24,0
DA:25,0
DA:26,0
DA:27,0
DA:29,0
DA:30,0
DA:31,0
DA:32,0
DA:36,0
DA:37,0
DA:38,0
DA:41,0
DA:42,0
DA:43,0
DA:44,0
DA:46,0
DA:47,0
DA:48,0
DA:50,0
DA:52,0
DA:56,0
DA:57,0
DA:58,0
DA:59,0
DA:62,0
DA:63,0
DA:64,0
DA:65,0
DA:66,0
DA:67,0
DA:68,0
LF:36
LH:0
end_of_record
TN:
SF:/opt/pawan/grind/skip_list/src/lib.rs
FN:26,SkipList<K,V>::new
FN:39,SkipList<K,V>::len
FN:43,SkipList<K,V>::is_empty
FN:47,SkipList<K,V>::random_level
FN:57,SkipList<K,V>::find_predecessors
FN:76,SkipList<K,V>::insert
FN:114,SkipList<K,V>::get
FN:132,SkipList<K,V>::contains
FN:136,SkipList<K,V>::remove
FN:159,<impl Default for SkipList<K,V>>::default
FNF:10
FNDA:0,SkipList<K,V>::new
FNDA:0,SkipList<K,V>::len
FNDA:0,SkipList<K,V>::is_empty
FNDA:0,SkipList<K,V>::random_level
FNDA:0,SkipList<K,V>::find_predecessors
FNDA:0,SkipList<K,V>::insert
FNDA:0,SkipList<K,V>::get
FNDA:0,SkipList<K,V>::contains
FNDA:0,SkipList<K,V>::remove
FNDA:0,<impl Default for SkipList<K,V>>::default
DA:26,0
DA:30,0
DA:33,0
DA:39,0
DA:40,0
DA:43,0
DA:44,0
DA:47,0
DA:48,0
DA:49,0
DA:50,0
DA:51,0
DA:53,0
DA:57,0
DA:59,0
DA:60,0
DA:61,0
DA:62,0
DA:63,0
DA:64,0
DA:66,0
DA:67,0
DA:68,0
DA:71,0
DA:73,0
DA:76,0
DA:77,0
DA:80,0
DA:81,0
DA:82,0
DA:83,0
DA:84,0
DA:85,0
DA:90,0
DA:91,0
DA:92,0
DA:95,0
DA:96,0
DA:97,0
DA:98,0
DA:101,0
DA:102,0
DA:103,0
DA:104,0
DA:107,0
DA:108,0
DA:111,0
DA:114,0
DA:115,0
DA:116,0
DA:117,0
DA:118,0
DA:119,0
DA:120,0
DA:122,0
DA:123,0
DA:124,0
DA:125,0
DA:129,0
DA:132,0
DA:133,0
DA:136,0
DA:137,0
DA:139,0
DA:140,0
DA:141,0
DA:143,0
DA:144,0
DA:147,0
DA:148,0
DA:149,0
DA:153,0
DA:154,0
DA:159,0
DA:160,0
LF:75
LH:0
end_of_record
TN:
SF:/opt/pawan/grind/splay_tree/src/lib.rs
FNF:0
DA:23,0
DA:24,0
DA:25,0
DA:26,0
DA:27,0
DA:28,0
DA:31,0
DA:32,0
DA:33,0
DA:34,0
DA:37,0
DA:38,0
DA:39,0
DA:40,0
DA:41,0
DA:42,0
DA:43,0
DA:44,0
DA:45,0
DA:47,0
DA:48,0
DA:49,0
DA:55,0
DA:56,0
DA:57,0
DA:58,0
DA:61,0
DA:62,0
DA:63,0
DA:64,0
DA:65,0
DA:66,0
DA:67,0
DA:69,0
DA:70,0
DA:71,0
DA:72,0
DA:73,0
DA:75,0
DA:76,0
DA:78,0
DA:79,0
DA:80,0
DA:81,0
DA:82,0
DA:83,0
DA:84,0
DA:85,0
DA:87,0
DA:88,0
DA:92,0
DA:93,0
DA:94,0
DA:99,0
DA:100,0
DA:101,0
DA:102,0
DA:103,0
DA:105,0
DA:106,0
DA:107,0
DA:108,0
DA:109,0
DA:111,0
DA:112,0
DA:114,0
DA:115,0
DA:116,0
DA:117,0
DA:118,0
DA:119,0
DA:120,0
DA:121,0
DA:123,0
DA:124,0
DA:128,0
DA:129,0
DA:130,0
DA:138,0
DA:139,0
DA:140,0
DA:141,0
DA:142,0
DA:144,0
DA:148,0
DA:149,0
DA:150,0
DA:151,0
DA:152,0
DA:154,0
DA:159,0
DA:160,0
DA:161,0
DA:162,0
DA:163,0
DA:164,0
DA:165,0
DA:166,0
DA:167,0
DA:168,0
DA:170,0
DA:171,0
DA:172,0
DA:174,0
DA:175,0
DA:176,0
DA:184,0
DA:185,0
DA:186,0
DA:187,0
DA:189,0
DA:190,0
DA:191,0
DA:196,0
DA:197,0
DA:198,0
DA:199,0
DA:200,0
DA:201,0
DA:202,0
LF:120
LH:0
end_of_record
TN:
SF:/opt/pawan/grind/treap/src/lib.rs
FN:20,Node<K,V>::new
FN:32,merge
FN:54,Treap<K,V>::new
FNF:3
FNDA:0,Node<K,V>::new
FNDA:0,merge
FNDA:0,Treap<K,V>::new
DA:20,0
DA:21,0
DA:22,0
DA:23,0
DA:24,0
DA:25,0
DA:26,0
DA:32,0
DA:33,0
DA:34,0
DA:35,0
DA:36,0
DA:37,0
DA:38,0
DA:39,0
DA:41,0
DA:42,0
DA:54,0
DA:61,0
DA:62,0
DA:63,0
DA:64,0
DA:65,0
DA:66,0
DA:67,0
DA:70,0
DA:71,0
DA:72,0
DA:74,0
DA:75,0
DA:76,0
DA:77,0
DA:78,0
DA:80,0
DA:83,0
DA:84,0
DA:85,0
DA:87,0
DA:88,0
DA:89,0
DA:90,0
DA:91,0
DA:93,0
DA:101,0
DA:102,0
DA:103,0
DA:104,0
DA:105,0
DA:106,0
DA:109,0
DA:110,0
DA:111,0
DA:112,0
DA:113,0
DA:114,0
DA:115,0
DA:118,0
DA:121,0
DA:122,0
DA:125,0
DA:126,0
DA:127,0
DA:128,0
DA:129,0
DA:130,0
DA:131,0
DA:133,0
DA:135,0
DA:136,0
DA:137,0
DA:138,0
DA:140,0
DA:141,0
DA:142,0
DA:143,0
DA:150,0
DA:151,0
DA:152,0
DA:153,0
DA:154,0
DA:155,0
DA:159,0
DA:160,0
DA:161,0
DA:162,0
DA:165,0
DA:166,0
DA:167,0
DA:168,0
DA:169,0
LF:90
LH:0
end_of_record
